TpTrace Verbose: 0 : 9364, 1, 2023/11/15, 12:10:17.120, 22662620632400, vstest.console.dll, Version: 17.6.0-release-20230405-08 Current process architecture: X64
TpTrace Verbose: 0 : 9364, 1, 2023/11/15, 12:10:17.125, 22662620682655, vstest.console.dll, Runtime location: C:\Program Files\dotnet\shared\Microsoft.NETCore.App\7.0.7
TpTrace Verbose: 0 : 9364, 1, 2023/11/15, 12:10:17.133, 22662620766729, vstest.console.dll, ArtifactProcessingPostProcessModeProcessorExecutor.Initialize: ArtifactProcessingMode.Collect
TpTrace Verbose: 0 : 9364, 1, 2023/11/15, 12:10:17.134, 22662620769738, vstest.console.dll, TestSessionCorrelationIdProcessorModeProcessorExecutor.Initialize: TestSessionCorrelationId '27800_edeebfac-e515-4c9e-9e16-400227b0327b'
TpTrace Information: 0 : 9364, 1, 2023/11/15, 12:10:17.150, 22662620935138, vstest.console.dll, FilePatternParser: The given file C:\Users\33651\Desktop\.NET projects\BrowseClimateTestProject\bin\Debug\net6.0\fine-code-coverage\build-output\BrowseClimateTestProject.dll is a full path.
TpTrace Verbose: 0 : 9364, 1, 2023/11/15, 12:10:17.177, 22662621200241, vstest.console.dll, TestPluginCache.DiscoverTestExtensions: finding test extensions in assemblies ends with: RuntimeProvider.dll TPluginInfo: Microsoft.VisualStudio.TestPlatform.Common.ExtensionFramework.Utilities.TestRuntimePluginInformation TExtension: Microsoft.VisualStudio.TestPlatform.ObjectModel.Host.ITestRuntimeProvider
TpTrace Verbose: 0 : 9364, 1, 2023/11/15, 12:10:17.181, 22662621245886, vstest.console.dll, TestPluginCache.GetExtensionPaths: Filtered extension paths: 
TpTrace Verbose: 0 : 9364, 1, 2023/11/15, 12:10:17.181, 22662621249074, vstest.console.dll, TestPluginCache.GetExtensionPaths: Added default extension paths: C:\Program Files\dotnet\sdk\7.0.304\Extensions\Microsoft.Diagnostics.NETCore.Client.dll
C:\Program Files\dotnet\sdk\7.0.304\Extensions\Microsoft.TestPlatform.Extensions.BlameDataCollector.dll
C:\Program Files\dotnet\sdk\7.0.304\Extensions\Microsoft.TestPlatform.Extensions.EventLogCollector.dll
C:\Program Files\dotnet\sdk\7.0.304\Extensions\Microsoft.TestPlatform.TestHostRuntimeProvider.dll
C:\Program Files\dotnet\sdk\7.0.304\Extensions\Microsoft.VisualStudio.TestPlatform.Extensions.Html.TestLogger.dll
C:\Program Files\dotnet\sdk\7.0.304\Extensions\Microsoft.VisualStudio.TestPlatform.Extensions.Trx.TestLogger.dll
TpTrace Verbose: 0 : 9364, 1, 2023/11/15, 12:10:17.182, 22662621250412, vstest.console.dll, TestPluginCache.GetExtensionPaths: Added unfilterableExtensionPaths: 
TpTrace Information: 0 : 9364, 1, 2023/11/15, 12:10:17.184, 22662621271966, vstest.console.dll, AssemblyResolver.ctor: Creating AssemblyResolver with searchDirectories C:\Program Files\dotnet\sdk\7.0.304\Extensions,C:\Program Files\dotnet\sdk\7.0.304
TpTrace Verbose: 0 : 9364, 1, 2023/11/15, 12:10:17.187, 22662621300794, vstest.console.dll, TestPluginCache.DiscoverTestExtensions: Discovering the extensions using extension path.
TpTrace Verbose: 0 : 9364, 1, 2023/11/15, 12:10:17.191, 22662621340962, vstest.console.dll, TestPluginCache.GetExtensionPaths: Filtered extension paths: 
TpTrace Verbose: 0 : 9364, 1, 2023/11/15, 12:10:17.191, 22662621342518, vstest.console.dll, TestPluginCache.GetExtensionPaths: Added default extension paths: C:\Program Files\dotnet\sdk\7.0.304\Extensions\Microsoft.Diagnostics.NETCore.Client.dll
C:\Program Files\dotnet\sdk\7.0.304\Extensions\Microsoft.TestPlatform.Extensions.BlameDataCollector.dll
C:\Program Files\dotnet\sdk\7.0.304\Extensions\Microsoft.TestPlatform.Extensions.EventLogCollector.dll
C:\Program Files\dotnet\sdk\7.0.304\Extensions\Microsoft.TestPlatform.TestHostRuntimeProvider.dll
C:\Program Files\dotnet\sdk\7.0.304\Extensions\Microsoft.VisualStudio.TestPlatform.Extensions.Html.TestLogger.dll
C:\Program Files\dotnet\sdk\7.0.304\Extensions\Microsoft.VisualStudio.TestPlatform.Extensions.Trx.TestLogger.dll
TpTrace Verbose: 0 : 9364, 1, 2023/11/15, 12:10:17.191, 22662621343251, vstest.console.dll, TestPluginCache.GetExtensionPaths: Added unfilterableExtensionPaths: 
TpTrace Verbose: 0 : 9364, 1, 2023/11/15, 12:10:17.191, 22662621346843, vstest.console.dll, TestPluginCache.DiscoverTestExtensions: Discovering the extensions using allExtensionPaths: C:\Program Files\dotnet\sdk\7.0.304\Extensions\Microsoft.Diagnostics.NETCore.Client.dll
C:\Program Files\dotnet\sdk\7.0.304\Extensions\Microsoft.TestPlatform.Extensions.BlameDataCollector.dll
C:\Program Files\dotnet\sdk\7.0.304\Extensions\Microsoft.TestPlatform.Extensions.EventLogCollector.dll
C:\Program Files\dotnet\sdk\7.0.304\Extensions\Microsoft.TestPlatform.TestHostRuntimeProvider.dll
C:\Program Files\dotnet\sdk\7.0.304\Extensions\Microsoft.VisualStudio.TestPlatform.Extensions.Html.TestLogger.dll
C:\Program Files\dotnet\sdk\7.0.304\Extensions\Microsoft.VisualStudio.TestPlatform.Extensions.Trx.TestLogger.dll
TpTrace Information: 0 : 9364, 1, 2023/11/15, 12:10:17.192, 22662621352900, vstest.console.dll, AssemblyResolver.AddSearchDirectories: Adding more searchDirectories C:\Program Files\dotnet\sdk\7.0.304\Extensions,C:\Program Files\dotnet\sdk\7.0.304
TpTrace Information: 0 : 9364, 1, 2023/11/15, 12:10:17.192, 22662621356168, vstest.console.dll, AssemblyResolver.AddSearchDirectories: Adding more searchDirectories C:\Program Files\dotnet\sdk\7.0.304\Extensions,C:\Program Files\dotnet\sdk\7.0.304
TpTrace Information: 0 : 9364, 1, 2023/11/15, 12:10:17.192, 22662621357582, vstest.console.dll, AssemblyResolver.AddSearchDirectories: Adding more searchDirectories C:\Program Files\dotnet\sdk\7.0.304\Extensions,C:\Program Files\dotnet\sdk\7.0.304
TpTrace Information: 0 : 9364, 1, 2023/11/15, 12:10:17.192, 22662621358194, vstest.console.dll, AssemblyResolver.AddSearchDirectories: Adding more searchDirectories C:\Program Files\dotnet\sdk\7.0.304\Extensions,C:\Program Files\dotnet\sdk\7.0.304
TpTrace Information: 0 : 9364, 1, 2023/11/15, 12:10:17.192, 22662621359056, vstest.console.dll, AssemblyResolver.AddSearchDirectories: Adding more searchDirectories C:\Program Files\dotnet\sdk\7.0.304\Extensions,C:\Program Files\dotnet\sdk\7.0.304
TpTrace Information: 0 : 9364, 1, 2023/11/15, 12:10:17.194, 22662621375275, vstest.console.dll, AssemblyResolver.AddSearchDirectories: Adding more searchDirectories C:\Program Files\dotnet\sdk\7.0.304\Extensions,C:\Program Files\dotnet\sdk\7.0.304
TpTrace Information: 0 : 9364, 1, 2023/11/15, 12:10:17.197, 22662621404473, vstest.console.dll, AssemblyResolver.OnResolve: Microsoft.Diagnostics.NETCore.Client: Resolving assembly.
TpTrace Information: 0 : 9364, 1, 2023/11/15, 12:10:17.197, 22662621407295, vstest.console.dll, AssemblyResolver.OnResolve: Microsoft.Diagnostics.NETCore.Client: Searching in: 'C:\Program Files\dotnet\sdk\7.0.304\Extensions'.
TpTrace Information: 0 : 9364, 1, 2023/11/15, 12:10:17.228, 22662621717834, vstest.console.dll, AssemblyResolver.OnResolve: Microsoft.Diagnostics.NETCore.Client: Loading assembly 'C:\Program Files\dotnet\sdk\7.0.304\Extensions\Microsoft.Diagnostics.NETCore.Client.dll'.
TpTrace Information: 0 : 9364, 1, 2023/11/15, 12:10:17.233, 22662621761174, vstest.console.dll, AssemblyResolver.OnResolve: Resolved assembly: Microsoft.Diagnostics.NETCore.Client, from path: C:\Program Files\dotnet\sdk\7.0.304\Extensions\Microsoft.Diagnostics.NETCore.Client.dll
TpTrace Verbose: 0 : 9364, 1, 2023/11/15, 12:10:17.236, 22662621793705, vstest.console.dll, MetadataReaderExtensionsHelper: Discovering extensions inside assembly 'Microsoft.Diagnostics.NETCore.Client, Version=0.2.6.42401, Culture=neutral, PublicKeyToken=31bf3856ad364e35' file path 'C:\Program Files\dotnet\sdk\7.0.304\Extensions\Microsoft.Diagnostics.NETCore.Client.dll'
TpTrace Information: 0 : 9364, 1, 2023/11/15, 12:10:17.251, 22662621946526, vstest.console.dll, AssemblyResolver.OnResolve: Microsoft.Bcl.AsyncInterfaces: Resolving assembly.
TpTrace Information: 0 : 9364, 1, 2023/11/15, 12:10:17.252, 22662621950496, vstest.console.dll, AssemblyResolver.OnResolve: Microsoft.Bcl.AsyncInterfaces: Searching in: 'C:\Program Files\dotnet\sdk\7.0.304\Extensions'.
TpTrace Information: 0 : 9364, 1, 2023/11/15, 12:10:17.252, 22662621953197, vstest.console.dll, AssemblyResolver.OnResolve: Microsoft.Bcl.AsyncInterfaces: Assembly path does not exist: 'C:\Program Files\dotnet\sdk\7.0.304\Extensions\Microsoft.Bcl.AsyncInterfaces.dll', returning.
TpTrace Information: 0 : 9364, 1, 2023/11/15, 12:10:17.252, 22662621956388, vstest.console.dll, AssemblyResolver.OnResolve: Microsoft.Bcl.AsyncInterfaces: Assembly path does not exist: 'C:\Program Files\dotnet\sdk\7.0.304\Extensions\Microsoft.Bcl.AsyncInterfaces.exe', returning.
TpTrace Information: 0 : 9364, 1, 2023/11/15, 12:10:17.252, 22662621957497, vstest.console.dll, AssemblyResolver.OnResolve: Microsoft.Bcl.AsyncInterfaces: Searching in: 'C:\Program Files\dotnet\sdk\7.0.304'.
TpTrace Information: 0 : 9364, 1, 2023/11/15, 12:10:17.253, 22662621960144, vstest.console.dll, AssemblyResolver.OnResolve: Microsoft.Bcl.AsyncInterfaces: Assembly path does not exist: 'C:\Program Files\dotnet\sdk\7.0.304\Microsoft.Bcl.AsyncInterfaces.dll', returning.
TpTrace Information: 0 : 9364, 1, 2023/11/15, 12:10:17.253, 22662621962719, vstest.console.dll, AssemblyResolver.OnResolve: Microsoft.Bcl.AsyncInterfaces: Assembly path does not exist: 'C:\Program Files\dotnet\sdk\7.0.304\Microsoft.Bcl.AsyncInterfaces.exe', returning.
TpTrace Information: 0 : 9364, 1, 2023/11/15, 12:10:17.253, 22662621963292, vstest.console.dll, AssemblyResolver.OnResolve: Microsoft.Bcl.AsyncInterfaces: Failed to load assembly.
TpTrace Verbose: 0 : 9364, 1, 2023/11/15, 12:10:17.253, 22662621963841, vstest.console.dll, CurrentDomainAssemblyResolve: Resolving assembly 'Microsoft.Bcl.AsyncInterfaces'.
TpTrace Information: 0 : 9364, 1, 2023/11/15, 12:10:17.253, 22662621965075, vstest.console.dll, AssemblyResolver.OnResolve: Microsoft.Bcl.AsyncInterfaces: Resolving assembly.
TpTrace Information: 0 : 9364, 1, 2023/11/15, 12:10:17.253, 22662621965848, vstest.console.dll, AssemblyResolver.OnResolve: Microsoft.Bcl.AsyncInterfaces: Resolved from cache.
TpTrace Verbose: 0 : 9364, 1, 2023/11/15, 12:10:17.253, 22662621966248, vstest.console.dll, CurrentDomainAssemblyResolve: Resolving assembly 'Microsoft.Bcl.AsyncInterfaces'.
TpTrace Verbose: 0 : 9364, 1, 2023/11/15, 12:10:17.253, 22662621966875, vstest.console.dll, CurrentDomainAssemblyResolve: Failed to resolve assembly 'Microsoft.Bcl.AsyncInterfaces'.
TpTrace Verbose: 0 : 9364, 1, 2023/11/15, 12:10:17.269, 22662622123291, vstest.console.dll, CurrentDomainAssemblyResolve: Failed to resolve assembly 'Microsoft.Bcl.AsyncInterfaces'.
TpTrace Warning: 0 : 9364, 1, 2023/11/15, 12:10:17.307, 22662622503463, vstest.console.dll, TestPluginDiscoverer: Failed to get types from assembly 'Microsoft.Diagnostics.NETCore.Client, Version=0.2.6.42401, Culture=neutral, PublicKeyToken=31bf3856ad364e35'. Error: System.Reflection.ReflectionTypeLoadException: Unable to load one or more of the requested types.
Could not load file or assembly 'Microsoft.Bcl.AsyncInterfaces, Version=1.0.0.0, Culture=neutral, PublicKeyToken=cc7b13ffcd2ddd51'. Le fichier spécifié est introuvable.
   at System.Reflection.RuntimeModule.GetTypes(RuntimeModule module)
   at System.Reflection.Assembly.GetTypes()
   at Microsoft.VisualStudio.TestPlatform.Common.ExtensionFramework.TestPluginDiscoverer.GetTestExtensionsFromAssembly[TPluginInfo,TExtension](Assembly assembly, Dictionary`2 pluginInfos, String filePath)
System.IO.FileNotFoundException: Could not load file or assembly 'Microsoft.Bcl.AsyncInterfaces, Version=1.0.0.0, Culture=neutral, PublicKeyToken=cc7b13ffcd2ddd51'. Le fichier spécifié est introuvable.
File name: 'Microsoft.Bcl.AsyncInterfaces, Version=1.0.0.0, Culture=neutral, PublicKeyToken=cc7b13ffcd2ddd51'
 ---> System.IO.FileNotFoundException: Could not load file or assembly 'Microsoft.Bcl.AsyncInterfaces, Culture=neutral, PublicKeyToken=null'. Le fichier spécifié est introuvable.
File name: 'Microsoft.Bcl.AsyncInterfaces, Culture=neutral, PublicKeyToken=null'
   at System.Reflection.RuntimeAssembly.InternalLoad(AssemblyName assemblyName, StackCrawlMark& stackMark, AssemblyLoadContext assemblyLoadContext, RuntimeAssembly requestingAssembly, Boolean throwOnFileNotFound)
   at System.Reflection.Assembly.Load(AssemblyName assemblyRef)
   at Microsoft.VisualStudio.TestPlatform.Common.ExtensionFramework.TestPluginCache.CurrentDomainAssemblyResolve(Object sender, AssemblyResolveEventArgs args)
   at System.Runtime.Loader.AssemblyLoadContext.GetFirstResolvedAssemblyFromResolvingEvent(AssemblyName assemblyName)
   at System.Runtime.Loader.AssemblyLoadContext.ResolveUsingEvent(AssemblyName assemblyName)
   at System.Runtime.Loader.AssemblyLoadContext.ResolveUsingResolvingEvent(IntPtr gchManagedAssemblyLoadContext, AssemblyName assemblyName)
TpTrace Warning: 0 : 9364, 1, 2023/11/15, 12:10:17.314, 22662622570158, vstest.console.dll, LoaderExceptions: System.IO.FileNotFoundException: Could not load file or assembly 'Microsoft.Bcl.AsyncInterfaces, Version=1.0.0.0, Culture=neutral, PublicKeyToken=cc7b13ffcd2ddd51'. Le fichier spécifié est introuvable.
File name: 'Microsoft.Bcl.AsyncInterfaces, Version=1.0.0.0, Culture=neutral, PublicKeyToken=cc7b13ffcd2ddd51'
 ---> System.IO.FileNotFoundException: Could not load file or assembly 'Microsoft.Bcl.AsyncInterfaces, Culture=neutral, PublicKeyToken=null'. Le fichier spécifié est introuvable.
File name: 'Microsoft.Bcl.AsyncInterfaces, Culture=neutral, PublicKeyToken=null'
   at System.Reflection.RuntimeAssembly.InternalLoad(AssemblyName assemblyName, StackCrawlMark& stackMark, AssemblyLoadContext assemblyLoadContext, RuntimeAssembly requestingAssembly, Boolean throwOnFileNotFound)
   at System.Reflection.Assembly.Load(AssemblyName assemblyRef)
   at Microsoft.VisualStudio.TestPlatform.Common.ExtensionFramework.TestPluginCache.CurrentDomainAssemblyResolve(Object sender, AssemblyResolveEventArgs args)
   at System.Runtime.Loader.AssemblyLoadContext.GetFirstResolvedAssemblyFromResolvingEvent(AssemblyName assemblyName)
   at System.Runtime.Loader.AssemblyLoadContext.ResolveUsingEvent(AssemblyName assemblyName)
   at System.Runtime.Loader.AssemblyLoadContext.ResolveUsingResolvingEvent(IntPtr gchManagedAssemblyLoadContext, AssemblyName assemblyName)
TpTrace Information: 0 : 9364, 1, 2023/11/15, 12:10:17.314, 22662622576228, vstest.console.dll, AssemblyResolver.OnResolve: Microsoft.TestPlatform.Extensions.BlameDataCollector: Resolving assembly.
TpTrace Information: 0 : 9364, 1, 2023/11/15, 12:10:17.314, 22662622578130, vstest.console.dll, AssemblyResolver.OnResolve: Microsoft.TestPlatform.Extensions.BlameDataCollector: Searching in: 'C:\Program Files\dotnet\sdk\7.0.304\Extensions'.
TpTrace Information: 0 : 9364, 1, 2023/11/15, 12:10:17.317, 22662622601400, vstest.console.dll, AssemblyResolver.OnResolve: Microsoft.TestPlatform.Extensions.BlameDataCollector: Loading assembly 'C:\Program Files\dotnet\sdk\7.0.304\Extensions\Microsoft.TestPlatform.Extensions.BlameDataCollector.dll'.
TpTrace Information: 0 : 9364, 1, 2023/11/15, 12:10:17.319, 22662622623972, vstest.console.dll, AssemblyResolver.OnResolve: Resolved assembly: Microsoft.TestPlatform.Extensions.BlameDataCollector, from path: C:\Program Files\dotnet\sdk\7.0.304\Extensions\Microsoft.TestPlatform.Extensions.BlameDataCollector.dll
TpTrace Verbose: 0 : 9364, 1, 2023/11/15, 12:10:17.319, 22662622629191, vstest.console.dll, MetadataReaderExtensionsHelper: Discovering extensions inside assembly 'Microsoft.TestPlatform.Extensions.BlameDataCollector, Version=15.0.0.0, Culture=neutral, PublicKeyToken=b03f5f7f11d50a3a' file path 'C:\Program Files\dotnet\sdk\7.0.304\Extensions\Microsoft.TestPlatform.Extensions.BlameDataCollector.dll'
TpTrace Information: 0 : 9364, 1, 2023/11/15, 12:10:17.323, 22662622667309, vstest.console.dll, AssemblyResolver.OnResolve: Microsoft.TestPlatform.Extensions.EventLogCollector: Resolving assembly.
TpTrace Information: 0 : 9364, 1, 2023/11/15, 12:10:17.323, 22662622668844, vstest.console.dll, AssemblyResolver.OnResolve: Microsoft.TestPlatform.Extensions.EventLogCollector: Searching in: 'C:\Program Files\dotnet\sdk\7.0.304\Extensions'.
TpTrace Information: 0 : 9364, 1, 2023/11/15, 12:10:17.325, 22662622682028, vstest.console.dll, AssemblyResolver.OnResolve: Microsoft.TestPlatform.Extensions.EventLogCollector: Loading assembly 'C:\Program Files\dotnet\sdk\7.0.304\Extensions\Microsoft.TestPlatform.Extensions.EventLogCollector.dll'.
TpTrace Information: 0 : 9364, 1, 2023/11/15, 12:10:17.326, 22662622692757, vstest.console.dll, AssemblyResolver.OnResolve: Resolved assembly: Microsoft.TestPlatform.Extensions.EventLogCollector, from path: C:\Program Files\dotnet\sdk\7.0.304\Extensions\Microsoft.TestPlatform.Extensions.EventLogCollector.dll
TpTrace Verbose: 0 : 9364, 1, 2023/11/15, 12:10:17.326, 22662622694122, vstest.console.dll, MetadataReaderExtensionsHelper: Discovering extensions inside assembly 'Microsoft.TestPlatform.Extensions.EventLogCollector, Version=15.0.0.0, Culture=neutral, PublicKeyToken=b03f5f7f11d50a3a' file path 'C:\Program Files\dotnet\sdk\7.0.304\Extensions\Microsoft.TestPlatform.Extensions.EventLogCollector.dll'
TpTrace Information: 0 : 9364, 1, 2023/11/15, 12:10:17.332, 22662622758282, vstest.console.dll, AssemblyResolver.OnResolve: Microsoft.TestPlatform.TestHostRuntimeProvider: Resolving assembly.
TpTrace Information: 0 : 9364, 1, 2023/11/15, 12:10:17.333, 22662622759632, vstest.console.dll, AssemblyResolver.OnResolve: Microsoft.TestPlatform.TestHostRuntimeProvider: Searching in: 'C:\Program Files\dotnet\sdk\7.0.304\Extensions'.
TpTrace Information: 0 : 9364, 1, 2023/11/15, 12:10:17.334, 22662622769832, vstest.console.dll, AssemblyResolver.OnResolve: Microsoft.TestPlatform.TestHostRuntimeProvider: Loading assembly 'C:\Program Files\dotnet\sdk\7.0.304\Extensions\Microsoft.TestPlatform.TestHostRuntimeProvider.dll'.
TpTrace Information: 0 : 9364, 1, 2023/11/15, 12:10:17.335, 22662622788663, vstest.console.dll, AssemblyResolver.OnResolve: Resolved assembly: Microsoft.TestPlatform.TestHostRuntimeProvider, from path: C:\Program Files\dotnet\sdk\7.0.304\Extensions\Microsoft.TestPlatform.TestHostRuntimeProvider.dll
TpTrace Verbose: 0 : 9364, 1, 2023/11/15, 12:10:17.336, 22662622790472, vstest.console.dll, MetadataReaderExtensionsHelper: Discovering extensions inside assembly 'Microsoft.TestPlatform.TestHostRuntimeProvider, Version=15.0.0.0, Culture=neutral, PublicKeyToken=b03f5f7f11d50a3a' file path 'C:\Program Files\dotnet\sdk\7.0.304\Extensions\Microsoft.TestPlatform.TestHostRuntimeProvider.dll'
TpTrace Information: 0 : 9364, 1, 2023/11/15, 12:10:17.340, 22662622830306, vstest.console.dll, GetTestExtensionFromType: Register extension with identifier data 'HostProvider://DefaultTestHost' and type 'Microsoft.VisualStudio.TestPlatform.CrossPlatEngine.Hosting.DefaultTestHostManager, Microsoft.TestPlatform.TestHostRuntimeProvider, Version=15.0.0.0, Culture=neutral, PublicKeyToken=b03f5f7f11d50a3a' inside file 'C:\Program Files\dotnet\sdk\7.0.304\Extensions\Microsoft.TestPlatform.TestHostRuntimeProvider.dll'
TpTrace Information: 0 : 9364, 1, 2023/11/15, 12:10:17.340, 22662622835144, vstest.console.dll, GetTestExtensionFromType: Register extension with identifier data 'HostProvider://DotnetTestHost' and type 'Microsoft.VisualStudio.TestPlatform.CrossPlatEngine.Hosting.DotnetTestHostManager, Microsoft.TestPlatform.TestHostRuntimeProvider, Version=15.0.0.0, Culture=neutral, PublicKeyToken=b03f5f7f11d50a3a' inside file 'C:\Program Files\dotnet\sdk\7.0.304\Extensions\Microsoft.TestPlatform.TestHostRuntimeProvider.dll'
TpTrace Information: 0 : 9364, 1, 2023/11/15, 12:10:17.340, 22662622836423, vstest.console.dll, AssemblyResolver.OnResolve: Microsoft.VisualStudio.TestPlatform.Extensions.Html.TestLogger: Resolving assembly.
TpTrace Information: 0 : 9364, 1, 2023/11/15, 12:10:17.340, 22662622837100, vstest.console.dll, AssemblyResolver.OnResolve: Microsoft.VisualStudio.TestPlatform.Extensions.Html.TestLogger: Searching in: 'C:\Program Files\dotnet\sdk\7.0.304\Extensions'.
TpTrace Information: 0 : 9364, 1, 2023/11/15, 12:10:17.342, 22662622849343, vstest.console.dll, AssemblyResolver.OnResolve: Microsoft.VisualStudio.TestPlatform.Extensions.Html.TestLogger: Loading assembly 'C:\Program Files\dotnet\sdk\7.0.304\Extensions\Microsoft.VisualStudio.TestPlatform.Extensions.Html.TestLogger.dll'.
TpTrace Information: 0 : 9364, 1, 2023/11/15, 12:10:17.343, 22662622862249, vstest.console.dll, AssemblyResolver.OnResolve: Resolved assembly: Microsoft.VisualStudio.TestPlatform.Extensions.Html.TestLogger, from path: C:\Program Files\dotnet\sdk\7.0.304\Extensions\Microsoft.VisualStudio.TestPlatform.Extensions.Html.TestLogger.dll
TpTrace Verbose: 0 : 9364, 1, 2023/11/15, 12:10:17.343, 22662622863631, vstest.console.dll, MetadataReaderExtensionsHelper: Discovering extensions inside assembly 'Microsoft.VisualStudio.TestPlatform.Extensions.Html.TestLogger, Version=15.0.0.0, Culture=neutral, PublicKeyToken=b03f5f7f11d50a3a' file path 'C:\Program Files\dotnet\sdk\7.0.304\Extensions\Microsoft.VisualStudio.TestPlatform.Extensions.Html.TestLogger.dll'
TpTrace Information: 0 : 9364, 1, 2023/11/15, 12:10:17.345, 22662622889062, vstest.console.dll, AssemblyResolver.OnResolve: Microsoft.VisualStudio.TestPlatform.Extensions.Trx.TestLogger: Resolving assembly.
TpTrace Information: 0 : 9364, 1, 2023/11/15, 12:10:17.346, 22662622891790, vstest.console.dll, AssemblyResolver.OnResolve: Microsoft.VisualStudio.TestPlatform.Extensions.Trx.TestLogger: Searching in: 'C:\Program Files\dotnet\sdk\7.0.304\Extensions'.
TpTrace Information: 0 : 9364, 1, 2023/11/15, 12:10:17.348, 22662622919260, vstest.console.dll, AssemblyResolver.OnResolve: Microsoft.VisualStudio.TestPlatform.Extensions.Trx.TestLogger: Loading assembly 'C:\Program Files\dotnet\sdk\7.0.304\Extensions\Microsoft.VisualStudio.TestPlatform.Extensions.Trx.TestLogger.dll'.
TpTrace Information: 0 : 9364, 1, 2023/11/15, 12:10:17.351, 22662622942046, vstest.console.dll, AssemblyResolver.OnResolve: Resolved assembly: Microsoft.VisualStudio.TestPlatform.Extensions.Trx.TestLogger, from path: C:\Program Files\dotnet\sdk\7.0.304\Extensions\Microsoft.VisualStudio.TestPlatform.Extensions.Trx.TestLogger.dll
TpTrace Verbose: 0 : 9364, 1, 2023/11/15, 12:10:17.351, 22662622943788, vstest.console.dll, MetadataReaderExtensionsHelper: Discovering extensions inside assembly 'Microsoft.VisualStudio.TestPlatform.Extensions.Trx.TestLogger, Version=15.0.0.0, Culture=neutral, PublicKeyToken=b03f5f7f11d50a3a' file path 'C:\Program Files\dotnet\sdk\7.0.304\Extensions\Microsoft.VisualStudio.TestPlatform.Extensions.Trx.TestLogger.dll'
TpTrace Verbose: 0 : 9364, 1, 2023/11/15, 12:10:17.354, 22662622974992, vstest.console.dll, TestPluginCache: Discovered the extensions using extension path ''.
TpTrace Verbose: 0 : 9364, 1, 2023/11/15, 12:10:17.354, 22662622976448, vstest.console.dll, TestPluginCache: Discoverers are ''.
TpTrace Verbose: 0 : 9364, 1, 2023/11/15, 12:10:17.354, 22662622976736, vstest.console.dll, TestPluginCache: Executors are ''.
TpTrace Verbose: 0 : 9364, 1, 2023/11/15, 12:10:17.354, 22662622976975, vstest.console.dll, TestPluginCache: Executors2 are ''.
TpTrace Verbose: 0 : 9364, 1, 2023/11/15, 12:10:17.354, 22662622977212, vstest.console.dll, TestPluginCache: Setting providers are ''.
TpTrace Verbose: 0 : 9364, 1, 2023/11/15, 12:10:17.354, 22662622977521, vstest.console.dll, TestPluginCache: Loggers are ''.
TpTrace Verbose: 0 : 9364, 1, 2023/11/15, 12:10:17.354, 22662622978592, vstest.console.dll, TestPluginCache: TestHosts are 'HostProvider://DefaultTestHost,HostProvider://DotnetTestHost'.
TpTrace Verbose: 0 : 9364, 1, 2023/11/15, 12:10:17.354, 22662622979044, vstest.console.dll, TestPluginCache: DataCollectors are ''.
TpTrace Information: 0 : 9364, 1, 2023/11/15, 12:10:17.393, 22662623362165, vstest.console.dll, RunTestsArgumentProcessor:Execute: Test run is starting.
TpTrace Verbose: 0 : 9364, 1, 2023/11/15, 12:10:17.393, 22662623363638, vstest.console.dll, RunTestsArgumentProcessor:Execute: Queuing Test run.
TpTrace Information: 0 : 9364, 1, 2023/11/15, 12:10:17.393, 22662623367371, vstest.console.dll, TestRequestManager.RunTests: run tests started.
TpTrace Information: 0 : 9364, 1, 2023/11/15, 12:10:17.396, 22662623396607, vstest.console.dll, AssemblyMetadataProvider.GetFrameworkName: Determined framework:'.NETCoreApp,Version=v6.0' for source: 'C:\Users\33651\Desktop\.NET projects\BrowseClimateTestProject\bin\Debug\net6.0\fine-code-coverage\build-output\BrowseClimateTestProject.dll'
TpTrace Information: 0 : 9364, 1, 2023/11/15, 12:10:17.397, 22662623400892, vstest.console.dll, Determined framework for all sources: .NETCoreApp,Version=v6.0
TpTrace Verbose: 0 : 9364, 1, 2023/11/15, 12:10:17.397, 22662623407743, vstest.console.dll, TestRequestManager.UpdateRunSettingsIfRequired: Default architecture: X64 IsDefaultTargetArchitecture: True, Current process architecture: X64 OperatingSystem: Windows.
TpTrace Information: 0 : 9364, 1, 2023/11/15, 12:10:17.400, 22662623436531, vstest.console.dll, AssemblyMetadataProvider.GetArchitecture: Determined architecture:AnyCPU info for assembly: C:\Users\33651\Desktop\.NET projects\BrowseClimateTestProject\bin\Debug\net6.0\fine-code-coverage\build-output\BrowseClimateTestProject.dll
TpTrace Information: 0 : 9364, 1, 2023/11/15, 12:10:17.400, 22662623437837, vstest.console.dll, Determined platform for source 'C:\Users\33651\Desktop\.NET projects\BrowseClimateTestProject\bin\Debug\net6.0\fine-code-coverage\build-output\BrowseClimateTestProject.dll' was AnyCPU and it will use the default plaform X64.
TpTrace Information: 0 : 9364, 1, 2023/11/15, 12:10:17.400, 22662623438320, vstest.console.dll, None of the sources provided any runnable platform, using the default platform: X64
TpTrace Information: 0 : 9364, 1, 2023/11/15, 12:10:17.401, 22662623439631, vstest.console.dll, Platform was updated to 'X64'.
TpTrace Information: 0 : 9364, 1, 2023/11/15, 12:10:17.409, 22662623524521, vstest.console.dll, InferRunSettingsHelper.IsTestSettingsEnabled: Unable to navigate to RunSettings/MSTest. Current node: RunSettings
TpTrace Information: 0 : 9364, 1, 2023/11/15, 12:10:17.411, 22662623542524, vstest.console.dll, AssemblyResolver.OnResolve: Microsoft.VisualStudio.TestPlatform.Fakes: Resolving assembly.
TpTrace Information: 0 : 9364, 1, 2023/11/15, 12:10:17.411, 22662623544340, vstest.console.dll, AssemblyResolver.OnResolve: Microsoft.VisualStudio.TestPlatform.Fakes: Searching in: 'C:\Program Files\dotnet\sdk\7.0.304\Extensions'.
TpTrace Information: 0 : 9364, 1, 2023/11/15, 12:10:17.411, 22662623546160, vstest.console.dll, AssemblyResolver.OnResolve: Microsoft.VisualStudio.TestPlatform.Fakes: Assembly path does not exist: 'C:\Program Files\dotnet\sdk\7.0.304\Extensions\Microsoft.VisualStudio.TestPlatform.Fakes.dll', returning.
TpTrace Information: 0 : 9364, 1, 2023/11/15, 12:10:17.411, 22662623547351, vstest.console.dll, AssemblyResolver.OnResolve: Microsoft.VisualStudio.TestPlatform.Fakes: Assembly path does not exist: 'C:\Program Files\dotnet\sdk\7.0.304\Extensions\Microsoft.VisualStudio.TestPlatform.Fakes.exe', returning.
TpTrace Information: 0 : 9364, 1, 2023/11/15, 12:10:17.411, 22662623547853, vstest.console.dll, AssemblyResolver.OnResolve: Microsoft.VisualStudio.TestPlatform.Fakes: Searching in: 'C:\Program Files\dotnet\sdk\7.0.304'.
TpTrace Information: 0 : 9364, 1, 2023/11/15, 12:10:17.411, 22662623549016, vstest.console.dll, AssemblyResolver.OnResolve: Microsoft.VisualStudio.TestPlatform.Fakes: Assembly path does not exist: 'C:\Program Files\dotnet\sdk\7.0.304\Microsoft.VisualStudio.TestPlatform.Fakes.dll', returning.
TpTrace Information: 0 : 9364, 1, 2023/11/15, 12:10:17.412, 22662623550330, vstest.console.dll, AssemblyResolver.OnResolve: Microsoft.VisualStudio.TestPlatform.Fakes: Assembly path does not exist: 'C:\Program Files\dotnet\sdk\7.0.304\Microsoft.VisualStudio.TestPlatform.Fakes.exe', returning.
TpTrace Information: 0 : 9364, 1, 2023/11/15, 12:10:17.412, 22662623550929, vstest.console.dll, AssemblyResolver.OnResolve: Microsoft.VisualStudio.TestPlatform.Fakes: Failed to load assembly.
TpTrace Information: 0 : 9364, 1, 2023/11/15, 12:10:17.412, 22662623555196, vstest.console.dll, Failed to load assembly Microsoft.VisualStudio.TestPlatform.Fakes, Version=17.0.0.0, Culture=neutral. Reason:System.IO.FileNotFoundException: Could not load file or assembly 'Microsoft.VisualStudio.TestPlatform.Fakes, Version=17.0.0.0, Culture=neutral, PublicKeyToken=null'. Le fichier spécifié est introuvable.
File name: 'Microsoft.VisualStudio.TestPlatform.Fakes, Version=17.0.0.0, Culture=neutral, PublicKeyToken=null'
   at System.Reflection.RuntimeAssembly.InternalLoad(AssemblyName assemblyName, StackCrawlMark& stackMark, AssemblyLoadContext assemblyLoadContext, RuntimeAssembly requestingAssembly, Boolean throwOnFileNotFound)
   at System.Reflection.Assembly.Load(AssemblyName assemblyRef)
   at Microsoft.VisualStudio.TestPlatform.Common.Utilities.FakesUtilities.LoadTestPlatformAssembly()
TpTrace Verbose: 0 : 9364, 1, 2023/11/15, 12:10:17.419, 22662623621905, vstest.console.dll, TestPluginCache.DiscoverTestExtensions: finding test extensions in assemblies ends with: TestLogger.dll TPluginInfo: Microsoft.VisualStudio.TestPlatform.Common.ExtensionFramework.Utilities.TestLoggerPluginInformation TExtension: Microsoft.VisualStudio.TestPlatform.ObjectModel.Client.ITestLogger
TpTrace Verbose: 0 : 9364, 1, 2023/11/15, 12:10:17.419, 22662623624311, vstest.console.dll, TestPluginCache.GetExtensionPaths: Filtered extension paths: 
TpTrace Verbose: 0 : 9364, 1, 2023/11/15, 12:10:17.419, 22662623626013, vstest.console.dll, TestPluginCache.GetExtensionPaths: Added default extension paths: C:\Program Files\dotnet\sdk\7.0.304\Extensions\Microsoft.Diagnostics.NETCore.Client.dll
C:\Program Files\dotnet\sdk\7.0.304\Extensions\Microsoft.TestPlatform.Extensions.BlameDataCollector.dll
C:\Program Files\dotnet\sdk\7.0.304\Extensions\Microsoft.TestPlatform.Extensions.EventLogCollector.dll
C:\Program Files\dotnet\sdk\7.0.304\Extensions\Microsoft.TestPlatform.TestHostRuntimeProvider.dll
C:\Program Files\dotnet\sdk\7.0.304\Extensions\Microsoft.VisualStudio.TestPlatform.Extensions.Html.TestLogger.dll
C:\Program Files\dotnet\sdk\7.0.304\Extensions\Microsoft.VisualStudio.TestPlatform.Extensions.Trx.TestLogger.dll
TpTrace Verbose: 0 : 9364, 1, 2023/11/15, 12:10:17.419, 22662623627251, vstest.console.dll, TestPluginCache.GetExtensionPaths: Added unfilterableExtensionPaths: 
TpTrace Information: 0 : 9364, 1, 2023/11/15, 12:10:17.420, 22662623630064, vstest.console.dll, AssemblyResolver.AddSearchDirectories: Adding more searchDirectories C:\Program Files\dotnet\sdk\7.0.304\Extensions,C:\Program Files\dotnet\sdk\7.0.304
TpTrace Verbose: 0 : 9364, 1, 2023/11/15, 12:10:17.420, 22662623630963, vstest.console.dll, TestPluginCache.DiscoverTestExtensions: Discovering the extensions using extension path.
TpTrace Verbose: 0 : 9364, 1, 2023/11/15, 12:10:17.420, 22662623631601, vstest.console.dll, TestPluginCache.GetExtensionPaths: Filtered extension paths: 
TpTrace Verbose: 0 : 9364, 1, 2023/11/15, 12:10:17.420, 22662623632140, vstest.console.dll, TestPluginCache.GetExtensionPaths: Added default extension paths: C:\Program Files\dotnet\sdk\7.0.304\Extensions\Microsoft.Diagnostics.NETCore.Client.dll
C:\Program Files\dotnet\sdk\7.0.304\Extensions\Microsoft.TestPlatform.Extensions.BlameDataCollector.dll
C:\Program Files\dotnet\sdk\7.0.304\Extensions\Microsoft.TestPlatform.Extensions.EventLogCollector.dll
C:\Program Files\dotnet\sdk\7.0.304\Extensions\Microsoft.TestPlatform.TestHostRuntimeProvider.dll
C:\Program Files\dotnet\sdk\7.0.304\Extensions\Microsoft.VisualStudio.TestPlatform.Extensions.Html.TestLogger.dll
C:\Program Files\dotnet\sdk\7.0.304\Extensions\Microsoft.VisualStudio.TestPlatform.Extensions.Trx.TestLogger.dll
TpTrace Verbose: 0 : 9364, 1, 2023/11/15, 12:10:17.420, 22662623632639, vstest.console.dll, TestPluginCache.GetExtensionPaths: Added unfilterableExtensionPaths: 
TpTrace Verbose: 0 : 9364, 1, 2023/11/15, 12:10:17.420, 22662623633177, vstest.console.dll, TestPluginCache.DiscoverTestExtensions: Discovering the extensions using allExtensionPaths: C:\Program Files\dotnet\sdk\7.0.304\Extensions\Microsoft.Diagnostics.NETCore.Client.dll
C:\Program Files\dotnet\sdk\7.0.304\Extensions\Microsoft.TestPlatform.Extensions.BlameDataCollector.dll
C:\Program Files\dotnet\sdk\7.0.304\Extensions\Microsoft.TestPlatform.Extensions.EventLogCollector.dll
C:\Program Files\dotnet\sdk\7.0.304\Extensions\Microsoft.TestPlatform.TestHostRuntimeProvider.dll
C:\Program Files\dotnet\sdk\7.0.304\Extensions\Microsoft.VisualStudio.TestPlatform.Extensions.Html.TestLogger.dll
C:\Program Files\dotnet\sdk\7.0.304\Extensions\Microsoft.VisualStudio.TestPlatform.Extensions.Trx.TestLogger.dll
TpTrace Information: 0 : 9364, 1, 2023/11/15, 12:10:17.420, 22662623635091, vstest.console.dll, AssemblyResolver.AddSearchDirectories: Adding more searchDirectories C:\Program Files\dotnet\sdk\7.0.304\Extensions,C:\Program Files\dotnet\sdk\7.0.304
TpTrace Information: 0 : 9364, 1, 2023/11/15, 12:10:17.420, 22662623635847, vstest.console.dll, AssemblyResolver.AddSearchDirectories: Adding more searchDirectories C:\Program Files\dotnet\sdk\7.0.304\Extensions,C:\Program Files\dotnet\sdk\7.0.304
TpTrace Information: 0 : 9364, 1, 2023/11/15, 12:10:17.420, 22662623636391, vstest.console.dll, AssemblyResolver.AddSearchDirectories: Adding more searchDirectories C:\Program Files\dotnet\sdk\7.0.304\Extensions,C:\Program Files\dotnet\sdk\7.0.304
TpTrace Information: 0 : 9364, 1, 2023/11/15, 12:10:17.420, 22662623636920, vstest.console.dll, AssemblyResolver.AddSearchDirectories: Adding more searchDirectories C:\Program Files\dotnet\sdk\7.0.304\Extensions,C:\Program Files\dotnet\sdk\7.0.304
TpTrace Information: 0 : 9364, 1, 2023/11/15, 12:10:17.420, 22662623637458, vstest.console.dll, AssemblyResolver.AddSearchDirectories: Adding more searchDirectories C:\Program Files\dotnet\sdk\7.0.304\Extensions,C:\Program Files\dotnet\sdk\7.0.304
TpTrace Information: 0 : 9364, 1, 2023/11/15, 12:10:17.420, 22662623637990, vstest.console.dll, AssemblyResolver.AddSearchDirectories: Adding more searchDirectories C:\Program Files\dotnet\sdk\7.0.304\Extensions,C:\Program Files\dotnet\sdk\7.0.304
TpTrace Verbose: 0 : 9364, 1, 2023/11/15, 12:10:17.421, 22662623640007, vstest.console.dll, MetadataReaderExtensionsHelper: Discovering extensions inside assembly 'Microsoft.Diagnostics.NETCore.Client, Version=0.2.6.42401, Culture=neutral, PublicKeyToken=31bf3856ad364e35' file path 'C:\Program Files\dotnet\sdk\7.0.304\Extensions\Microsoft.Diagnostics.NETCore.Client.dll'
TpTrace Information: 0 : 9364, 1, 2023/11/15, 12:10:17.422, 22662623651363, vstest.console.dll, AssemblyResolver.OnResolve: Microsoft.Bcl.AsyncInterfaces: Resolving assembly.
TpTrace Information: 0 : 9364, 1, 2023/11/15, 12:10:17.422, 22662623652568, vstest.console.dll, AssemblyResolver.OnResolve: Microsoft.Bcl.AsyncInterfaces: Resolved from cache.
TpTrace Verbose: 0 : 9364, 1, 2023/11/15, 12:10:17.422, 22662623652892, vstest.console.dll, CurrentDomainAssemblyResolve: Resolving assembly 'Microsoft.Bcl.AsyncInterfaces'.
TpTrace Information: 0 : 9364, 1, 2023/11/15, 12:10:17.422, 22662623653509, vstest.console.dll, AssemblyResolver.OnResolve: Microsoft.Bcl.AsyncInterfaces: Resolving assembly.
TpTrace Information: 0 : 9364, 1, 2023/11/15, 12:10:17.422, 22662623653844, vstest.console.dll, AssemblyResolver.OnResolve: Microsoft.Bcl.AsyncInterfaces: Resolved from cache.
TpTrace Verbose: 0 : 9364, 1, 2023/11/15, 12:10:17.422, 22662623654157, vstest.console.dll, CurrentDomainAssemblyResolve: Resolving assembly 'Microsoft.Bcl.AsyncInterfaces'.
TpTrace Verbose: 0 : 9364, 1, 2023/11/15, 12:10:17.422, 22662623654425, vstest.console.dll, CurrentDomainAssemblyResolve: Failed to resolve assembly 'Microsoft.Bcl.AsyncInterfaces'.
TpTrace Verbose: 0 : 9364, 1, 2023/11/15, 12:10:17.422, 22662623656358, vstest.console.dll, CurrentDomainAssemblyResolve: Failed to resolve assembly 'Microsoft.Bcl.AsyncInterfaces'.
TpTrace Warning: 0 : 9364, 1, 2023/11/15, 12:10:17.423, 22662623660892, vstest.console.dll, TestPluginDiscoverer: Failed to get types from assembly 'Microsoft.Diagnostics.NETCore.Client, Version=0.2.6.42401, Culture=neutral, PublicKeyToken=31bf3856ad364e35'. Error: System.Reflection.ReflectionTypeLoadException: Unable to load one or more of the requested types.
Could not load file or assembly 'Microsoft.Bcl.AsyncInterfaces, Version=1.0.0.0, Culture=neutral, PublicKeyToken=cc7b13ffcd2ddd51'. Le fichier spécifié est introuvable.
   at System.Reflection.RuntimeModule.GetTypes(RuntimeModule module)
   at System.Reflection.Assembly.GetTypes()
   at Microsoft.VisualStudio.TestPlatform.Common.ExtensionFramework.TestPluginDiscoverer.GetTestExtensionsFromAssembly[TPluginInfo,TExtension](Assembly assembly, Dictionary`2 pluginInfos, String filePath)
System.IO.FileNotFoundException: Could not load file or assembly 'Microsoft.Bcl.AsyncInterfaces, Version=1.0.0.0, Culture=neutral, PublicKeyToken=cc7b13ffcd2ddd51'. Le fichier spécifié est introuvable.
File name: 'Microsoft.Bcl.AsyncInterfaces, Version=1.0.0.0, Culture=neutral, PublicKeyToken=cc7b13ffcd2ddd51'
 ---> System.IO.FileNotFoundException: Could not load file or assembly 'Microsoft.Bcl.AsyncInterfaces, Culture=neutral, PublicKeyToken=null'. Le fichier spécifié est introuvable.
File name: 'Microsoft.Bcl.AsyncInterfaces, Culture=neutral, PublicKeyToken=null'
   at System.Reflection.RuntimeAssembly.InternalLoad(AssemblyName assemblyName, StackCrawlMark& stackMark, AssemblyLoadContext assemblyLoadContext, RuntimeAssembly requestingAssembly, Boolean throwOnFileNotFound)
   at System.Reflection.Assembly.Load(AssemblyName assemblyRef)
   at Microsoft.VisualStudio.TestPlatform.Common.ExtensionFramework.TestPluginCache.CurrentDomainAssemblyResolve(Object sender, AssemblyResolveEventArgs args)
   at System.Runtime.Loader.AssemblyLoadContext.GetFirstResolvedAssemblyFromResolvingEvent(AssemblyName assemblyName)
   at System.Runtime.Loader.AssemblyLoadContext.ResolveUsingEvent(AssemblyName assemblyName)
   at System.Runtime.Loader.AssemblyLoadContext.ResolveUsingResolvingEvent(IntPtr gchManagedAssemblyLoadContext, AssemblyName assemblyName)
TpTrace Warning: 0 : 9364, 1, 2023/11/15, 12:10:17.423, 22662623663900, vstest.console.dll, LoaderExceptions: System.IO.FileNotFoundException: Could not load file or assembly 'Microsoft.Bcl.AsyncInterfaces, Version=1.0.0.0, Culture=neutral, PublicKeyToken=cc7b13ffcd2ddd51'. Le fichier spécifié est introuvable.
File name: 'Microsoft.Bcl.AsyncInterfaces, Version=1.0.0.0, Culture=neutral, PublicKeyToken=cc7b13ffcd2ddd51'
 ---> System.IO.FileNotFoundException: Could not load file or assembly 'Microsoft.Bcl.AsyncInterfaces, Culture=neutral, PublicKeyToken=null'. Le fichier spécifié est introuvable.
File name: 'Microsoft.Bcl.AsyncInterfaces, Culture=neutral, PublicKeyToken=null'
   at System.Reflection.RuntimeAssembly.InternalLoad(AssemblyName assemblyName, StackCrawlMark& stackMark, AssemblyLoadContext assemblyLoadContext, RuntimeAssembly requestingAssembly, Boolean throwOnFileNotFound)
   at System.Reflection.Assembly.Load(AssemblyName assemblyRef)
   at Microsoft.VisualStudio.TestPlatform.Common.ExtensionFramework.TestPluginCache.CurrentDomainAssemblyResolve(Object sender, AssemblyResolveEventArgs args)
   at System.Runtime.Loader.AssemblyLoadContext.GetFirstResolvedAssemblyFromResolvingEvent(AssemblyName assemblyName)
   at System.Runtime.Loader.AssemblyLoadContext.ResolveUsingEvent(AssemblyName assemblyName)
   at System.Runtime.Loader.AssemblyLoadContext.ResolveUsingResolvingEvent(IntPtr gchManagedAssemblyLoadContext, AssemblyName assemblyName)
TpTrace Verbose: 0 : 9364, 1, 2023/11/15, 12:10:17.423, 22662623665056, vstest.console.dll, MetadataReaderExtensionsHelper: Discovering extensions inside assembly 'Microsoft.TestPlatform.Extensions.BlameDataCollector, Version=15.0.0.0, Culture=neutral, PublicKeyToken=b03f5f7f11d50a3a' file path 'C:\Program Files\dotnet\sdk\7.0.304\Extensions\Microsoft.TestPlatform.Extensions.BlameDataCollector.dll'
TpTrace Information: 0 : 9364, 1, 2023/11/15, 12:10:17.425, 22662623679873, vstest.console.dll, GetTestExtensionFromType: Register extension with identifier data 'logger://Microsoft/TestPlatform/Extensions/Blame/v1' and type 'Microsoft.TestPlatform.Extensions.BlameDataCollector.BlameLogger, Microsoft.TestPlatform.Extensions.BlameDataCollector, Version=15.0.0.0, Culture=neutral, PublicKeyToken=b03f5f7f11d50a3a' inside file 'C:\Program Files\dotnet\sdk\7.0.304\Extensions\Microsoft.TestPlatform.Extensions.BlameDataCollector.dll'
TpTrace Verbose: 0 : 9364, 1, 2023/11/15, 12:10:17.425, 22662623683495, vstest.console.dll, MetadataReaderExtensionsHelper: Discovering extensions inside assembly 'Microsoft.TestPlatform.Extensions.EventLogCollector, Version=15.0.0.0, Culture=neutral, PublicKeyToken=b03f5f7f11d50a3a' file path 'C:\Program Files\dotnet\sdk\7.0.304\Extensions\Microsoft.TestPlatform.Extensions.EventLogCollector.dll'
TpTrace Verbose: 0 : 9364, 1, 2023/11/15, 12:10:17.426, 22662623697187, vstest.console.dll, MetadataReaderExtensionsHelper: Discovering extensions inside assembly 'Microsoft.TestPlatform.TestHostRuntimeProvider, Version=15.0.0.0, Culture=neutral, PublicKeyToken=b03f5f7f11d50a3a' file path 'C:\Program Files\dotnet\sdk\7.0.304\Extensions\Microsoft.TestPlatform.TestHostRuntimeProvider.dll'
TpTrace Verbose: 0 : 9364, 1, 2023/11/15, 12:10:17.428, 22662623712832, vstest.console.dll, MetadataReaderExtensionsHelper: Discovering extensions inside assembly 'Microsoft.VisualStudio.TestPlatform.Extensions.Html.TestLogger, Version=15.0.0.0, Culture=neutral, PublicKeyToken=b03f5f7f11d50a3a' file path 'C:\Program Files\dotnet\sdk\7.0.304\Extensions\Microsoft.VisualStudio.TestPlatform.Extensions.Html.TestLogger.dll'
TpTrace Information: 0 : 9364, 1, 2023/11/15, 12:10:17.430, 22662623731970, vstest.console.dll, GetTestExtensionFromType: Register extension with identifier data 'logger://Microsoft/TestPlatform/HtmlLogger/v1' and type 'Microsoft.VisualStudio.TestPlatform.Extensions.HtmlLogger.HtmlLogger, Microsoft.VisualStudio.TestPlatform.Extensions.Html.TestLogger, Version=15.0.0.0, Culture=neutral, PublicKeyToken=b03f5f7f11d50a3a' inside file 'C:\Program Files\dotnet\sdk\7.0.304\Extensions\Microsoft.VisualStudio.TestPlatform.Extensions.Html.TestLogger.dll'
TpTrace Verbose: 0 : 9364, 1, 2023/11/15, 12:10:17.430, 22662623734011, vstest.console.dll, MetadataReaderExtensionsHelper: Discovering extensions inside assembly 'Microsoft.VisualStudio.TestPlatform.Extensions.Trx.TestLogger, Version=15.0.0.0, Culture=neutral, PublicKeyToken=b03f5f7f11d50a3a' file path 'C:\Program Files\dotnet\sdk\7.0.304\Extensions\Microsoft.VisualStudio.TestPlatform.Extensions.Trx.TestLogger.dll'
TpTrace Information: 0 : 9364, 1, 2023/11/15, 12:10:17.431, 22662623744479, vstest.console.dll, GetTestExtensionFromType: Register extension with identifier data 'logger://Microsoft/TestPlatform/TrxLogger/v1' and type 'Microsoft.VisualStudio.TestPlatform.Extensions.TrxLogger.TrxLogger, Microsoft.VisualStudio.TestPlatform.Extensions.Trx.TestLogger, Version=15.0.0.0, Culture=neutral, PublicKeyToken=b03f5f7f11d50a3a' inside file 'C:\Program Files\dotnet\sdk\7.0.304\Extensions\Microsoft.VisualStudio.TestPlatform.Extensions.Trx.TestLogger.dll'
TpTrace Verbose: 0 : 9364, 1, 2023/11/15, 12:10:17.431, 22662623746284, vstest.console.dll, TestPluginCache: Discovered the extensions using extension path ''.
TpTrace Verbose: 0 : 9364, 1, 2023/11/15, 12:10:17.431, 22662623746738, vstest.console.dll, TestPluginCache: Discoverers are ''.
TpTrace Verbose: 0 : 9364, 1, 2023/11/15, 12:10:17.431, 22662623747044, vstest.console.dll, TestPluginCache: Executors are ''.
TpTrace Verbose: 0 : 9364, 1, 2023/11/15, 12:10:17.431, 22662623747326, vstest.console.dll, TestPluginCache: Executors2 are ''.
TpTrace Verbose: 0 : 9364, 1, 2023/11/15, 12:10:17.431, 22662623747597, vstest.console.dll, TestPluginCache: Setting providers are ''.
TpTrace Verbose: 0 : 9364, 1, 2023/11/15, 12:10:17.431, 22662623748661, vstest.console.dll, TestPluginCache: Loggers are 'logger://Microsoft/TestPlatform/Extensions/Blame/v1,logger://Microsoft/TestPlatform/HtmlLogger/v1,logger://Microsoft/TestPlatform/TrxLogger/v1'.
TpTrace Verbose: 0 : 9364, 1, 2023/11/15, 12:10:17.432, 22662623749382, vstest.console.dll, TestPluginCache: TestHosts are 'HostProvider://DefaultTestHost,HostProvider://DotnetTestHost'.
TpTrace Verbose: 0 : 9364, 1, 2023/11/15, 12:10:17.432, 22662623749916, vstest.console.dll, TestPluginCache: DataCollectors are ''.
TpTrace Information: 0 : 9364, 1, 2023/11/15, 12:10:17.433, 22662623763772, vstest.console.dll, TestPluginManager.CreateTestExtension: Attempting to load test extension: Microsoft.TestPlatform.Extensions.BlameDataCollector.BlameLogger
TpTrace Verbose: 0 : 9364, 1, 2023/11/15, 12:10:17.449, 22662623919981, vstest.console.dll, TestEngine: Initializing Parallel Execution as MaxCpuCount is set to: 1
TpTrace Information: 0 : 9364, 1, 2023/11/15, 12:10:17.451, 22662623944555, vstest.console.dll, TestPluginManager.CreateTestExtension: Attempting to load test extension: Microsoft.VisualStudio.TestPlatform.CrossPlatEngine.Hosting.DefaultTestHostManager
TpTrace Information: 0 : 9364, 1, 2023/11/15, 12:10:17.452, 22662623958493, vstest.console.dll, TestPluginManager.CreateTestExtension: Attempting to load test extension: Microsoft.VisualStudio.TestPlatform.CrossPlatEngine.Hosting.DotnetTestHostManager
TpTrace Information: 0 : 9364, 1, 2023/11/15, 12:10:17.453, 22662623968197, vstest.console.dll, InferRunSettingsHelper.IsTestSettingsEnabled: Unable to navigate to RunSettings/MSTest. Current node: RunSettings
TpTrace Verbose: 0 : 9364, 1, 2023/11/15, 12:10:17.462, 22662624053310, vstest.console.dll, TestEngine.GetExecutionManager: Chosen execution manager 'Microsoft.VisualStudio.TestPlatform.CrossPlatEngine.Client.Parallel.ParallelProxyExecutionManager, Microsoft.TestPlatform.CrossPlatEngine, Version=15.0.0.0, Culture=neutral, PublicKeyToken=b03f5f7f11d50a3a' ParallelLevel '1'.
TpTrace Verbose: 0 : 9364, 1, 2023/11/15, 12:10:17.462, 22662624055646, vstest.console.dll, TestRunRequest.ExecuteAsync: Creating test run request.
TpTrace Verbose: 0 : 9364, 1, 2023/11/15, 12:10:17.462, 22662624058702, vstest.console.dll, TestRunRequest.ExecuteAsync: Starting.
TpTrace Information: 0 : 9364, 1, 2023/11/15, 12:10:17.463, 22662624062091, vstest.console.dll, TestRunRequest.ExecuteAsync: Starting run with settings:TestRunCriteria:
   KeepAlive=False,FrequencyOfRunStatsChangeEvent=10,RunStatsChangeEventTimeout=00:00:01.5000000,TestCaseFilter=,TestExecutorLauncher=
   Settingsxml=<RunSettings>
  <RunConfiguration>
    <ResultsDirectory>C:\Users\33651\Desktop\.NET projects\BrowseClimateTestProject\bin\Debug\net6.0\fine-code-coverage\coverage-tool-output</ResultsDirectory>
    <TargetPlatform>X64</TargetPlatform>
    <TargetFrameworkVersion>.NETCoreApp,Version=v6.0</TargetFrameworkVersion>
    <DesignMode>False</DesignMode>
    <CollectSourceInformation>False</CollectSourceInformation>
  </RunConfiguration>
  <LoggerRunSettings>
    <Loggers>
      <Logger friendlyName="blame" enabled="True" />
      <Logger friendlyName="Console" uri="logger://microsoft/TestPlatform/ConsoleLogger/v1" assemblyQualifiedName="Microsoft.VisualStudio.TestPlatform.CommandLine.Internal.ConsoleLogger, vstest.console, Version=15.0.0.0, Culture=neutral, PublicKeyToken=b03f5f7f11d50a3a" codeBase="C:\Program Files\dotnet\sdk\7.0.304\vstest.console.dll" enabled="True" />
    </Loggers>
  </LoggerRunSettings>
  <DataCollectionRunSettings>
    <DataCollectors>
      <DataCollector friendlyName="blame" enabled="True">
        <Configuration>
          <ResultsDirectory>C:\Users\33651\Desktop\.NET projects\BrowseClimateTestProject\bin\Debug\net6.0\fine-code-coverage\coverage-tool-output</ResultsDirectory>
        </Configuration>
      </DataCollector>
    </DataCollectors>
  </DataCollectionRunSettings>
</RunSettings>

TpTrace Verbose: 0 : 9364, 1, 2023/11/15, 12:10:17.463, 22662624062696, vstest.console.dll, TestRunRequest.ExecuteAsync: Wait for the first run request is over.
TpTrace Verbose: 0 : 9364, 1, 2023/11/15, 12:10:17.463, 22662624066458, vstest.console.dll, MulticastDelegateUtilities.SafeInvoke: TestRun.TestRunStart: Invoking callbacks was skipped because there are no subscribers.
TpTrace Verbose: 0 : 9364, 4, 2023/11/15, 12:10:17.463, 22662624068962, vstest.console.dll, MulticastDelegateUtilities.SafeInvoke: InternalTestLoggerEvents.SendTestRunStart: Invoking callback 1/1 for Microsoft.VisualStudio.TestPlatform.CommandLine.Internal.ConsoleLogger., took 0 ms.
TpTrace Verbose: 0 : 9364, 1, 2023/11/15, 12:10:17.465, 22662624082908, vstest.console.dll, ParallelProxyExecutionManager: Start execution. Total sources: 1
TpTrace Verbose: 0 : 9364, 1, 2023/11/15, 12:10:17.467, 22662624106554, vstest.console.dll, TestRequestSender is acting as server.
TpTrace Verbose: 0 : 9364, 1, 2023/11/15, 12:10:17.473, 22662624162434, vstest.console.dll, ParallelOperationManager.RunWorkInParallel: Started work on a host.
TpTrace Verbose: 0 : 9364, 1, 2023/11/15, 12:10:17.474, 22662624173770, vstest.console.dll, ProxyParallelExecutionManager: No sources available for execution.
TpTrace Information: 0 : 9364, 1, 2023/11/15, 12:10:17.474, 22662624175470, vstest.console.dll, TestRunRequest.ExecuteAsync: Started.
TpTrace Verbose: 0 : 9364, 1, 2023/11/15, 12:10:17.474, 22662624176777, vstest.console.dll, TestRunRequest.WaitForCompletion: Waiting with timeout -1.
TpTrace Verbose: 0 : 9364, 5, 2023/11/15, 12:10:17.474, 22662624177642, vstest.console.dll, DataCollectionRequestSender.InitializeCommunication : Initialize communication. 
TpTrace Information: 0 : 9364, 5, 2023/11/15, 12:10:17.487, 22662624305898, vstest.console.dll, Listening on Endpoint : 127.0.0.1:61402
TpTrace Verbose: 0 : 9364, 5, 2023/11/15, 12:10:17.507, 22662624500377, vstest.console.dll, DotnetDataCollectionLauncher: Adding  --runtimeconfig "C:\Program Files\dotnet\sdk\7.0.304\datacollector.runtimeconfig.json" in args
TpTrace Verbose: 0 : 9364, 5, 2023/11/15, 12:10:17.507, 22662624505232, vstest.console.dll, DotnetDataCollectionLauncher: Adding  --depsfile "C:\Program Files\dotnet\sdk\7.0.304\datacollector.deps.json" in args
TpTrace Verbose: 0 : 9364, 5, 2023/11/15, 12:10:17.507, 22662624507687, vstest.console.dll, DotnetDataCollectionLauncher: Full path of dotnet.exe is C:\Program Files\dotnet\dotnet.exe
TpTrace Information: 0 : 9364, 5, 2023/11/15, 12:10:17.524, 22662624677319, vstest.console.dll, ProxyDataCollectionManager.Initialize: Launched datacollector processId: 37572 port: 61402
TpTrace Information: 0 : 9364, 5, 2023/11/15, 12:10:17.525, 22662624679768, vstest.console.dll, ProxyDataCollectionManager.Initialize: waiting for connection with timeout: 90 seconds
TpTrace Verbose: 0 : 9364, 5, 2023/11/15, 12:10:17.525, 22662624680948, vstest.console.dll, DataCollectionRequestSender.WaitForRequestHandlerConnection : Waiting for connection with timeout: 90000
TpTrace Information: 0 : 9364, 7, 2023/11/15, 12:10:17.817, 22662627605071, vstest.console.dll, Using the buffer size of 16384 bytes
TpTrace Verbose: 0 : 9364, 5, 2023/11/15, 12:10:17.817, 22662627605215, vstest.console.dll, SocketCommunicationManager.WaitForClientConnection took: 292 ms, with 90000 ms timeout, and finished with True.
TpTrace Information: 0 : 9364, 7, 2023/11/15, 12:10:17.817, 22662627607546, vstest.console.dll, Accepted Client request and set the flag
TpTrace Verbose: 0 : 9364, 5, 2023/11/15, 12:10:17.818, 22662627610139, vstest.console.dll, ProxyDataCollectionManager.InvokeDataCollectionServiceAction: Starting.
TpTrace Information: 0 : 9364, 5, 2023/11/15, 12:10:17.818, 22662627614966, vstest.console.dll, ProxyDataCollectionManager.BeforeTestRunStart: Get environment variable and port for datacollector processId: 37572 port: 61402
TpTrace Verbose: 0 : 9364, 5, 2023/11/15, 12:10:17.818, 22662627619235, vstest.console.dll, DataCollectionRequestSender.SendBeforeTestRunStartAndGetResult: Send BeforeTestRunStart message with settingsXml <RunSettings><RunConfiguration><ResultsDirectory>C:\Users\33651\Desktop\.NET projects\BrowseClimateTestProject\bin\Debug\net6.0\fine-code-coverage\coverage-tool-output</ResultsDirectory><TargetPlatform>X64</TargetPlatform><TargetFrameworkVersion>.NETCoreApp,Version=v6.0</TargetFrameworkVersion><DesignMode>False</DesignMode><CollectSourceInformation>False</CollectSourceInformation><TestAdaptersPaths>C:\Program Files\dotnet\sdk\7.0.304\Extensions</TestAdaptersPaths></RunConfiguration><LoggerRunSettings><Loggers><Logger friendlyName="blame" enabled="True" /><Logger friendlyName="Console" uri="logger://microsoft/TestPlatform/ConsoleLogger/v1" assemblyQualifiedName="Microsoft.VisualStudio.TestPlatform.CommandLine.Internal.ConsoleLogger, vstest.console, Version=15.0.0.0, Culture=neutral, PublicKeyToken=b03f5f7f11d50a3a" codeBase="C:\Program Files\dotnet\sdk\7.0.304\vstest.console.dll" enabled="True" /></Loggers></LoggerRunSettings><DataCollectionRunSettings><DataCollectors><DataCollector friendlyName="blame" enabled="True"><Configuration><ResultsDirectory>C:\Users\33651\Desktop\.NET projects\BrowseClimateTestProject\bin\Debug\net6.0\fine-code-coverage\coverage-tool-output</ResultsDirectory></Configuration></DataCollector></DataCollectors></DataCollectionRunSettings></RunSettings> and sources System.Collections.Generic.List`1[System.String]: 
TpTrace Verbose: 0 : 9364, 5, 2023/11/15, 12:10:18.009, 22662629526797, vstest.console.dll, DataCollectionRequestSender.SendBeforeTestRunStartAndGetResult: Received message: (DataCollection.SendMessage) -> {"MessageType":"DataCollection.SendMessage","Payload":{"FriendlyName":null,"Uri":null,"TestCaseId":"00000000-0000-0000-0000-000000000000","Message":"Logging DataCollector Diagnostics in file: C:\\Users\\33651\\Desktop\\.NET projects\\BrowseClimateTestProject\\bin\\Debug\\net6.0\\fine-code-coverage\\coverage-tool-output\\diagnostics.datacollector.23-11-15_12-10-17_50642_5.log","Level":0}}
TpTrace Verbose: 0 : 9364, 5, 2023/11/15, 12:10:18.558, 22662635018424, vstest.console.dll, DataCollectionRequestSender.SendBeforeTestRunStartAndGetResult: Received message: (DataCollection.BeforeTestRunStartResult) -> {"MessageType":"DataCollection.BeforeTestRunStartResult","Payload":{"EnvironmentVariables":{},"DataCollectionEventsPort":61406}}
TpTrace Information: 0 : 9364, 5, 2023/11/15, 12:10:18.571, 22662635147856, vstest.console.dll, ProxyDataCollectionManager.BeforeTestRunStart: SendBeforeTestRunStartAndGetResult successful, env variable from datacollector:   and testhost port: 61406
TpTrace Information: 0 : 9364, 5, 2023/11/15, 12:10:18.572, 22662635149824, vstest.console.dll, ProxyDataCollectionManager.InvokeDataCollectionServiceAction: Completed.
TpTrace Verbose: 0 : 9364, 5, 2023/11/15, 12:10:18.572, 22662635151299, vstest.console.dll, ProxyExecutionManager: Test host is always Lazy initialize.
TpTrace Verbose: 0 : 9364, 5, 2023/11/15, 12:10:18.572, 22662635156934, vstest.console.dll, TestRequestSender.InitializeCommunication: initialize communication. 
TpTrace Information: 0 : 9364, 5, 2023/11/15, 12:10:18.575, 22662635182692, vstest.console.dll, SocketServer.Start: Listening on endpoint : 127.0.0.1:61407
TpTrace Verbose: 0 : 9364, 5, 2023/11/15, 12:10:18.577, 22662635204341, vstest.console.dll, DotnetTestHostmanager.GetTestHostProcessStartInfo: Platform environment 'X64' target architecture 'X64' framework '.NETCoreApp,Version=v6.0' OS 'Windows'
TpTrace Verbose: 0 : 9364, 5, 2023/11/15, 12:10:18.578, 22662635214604, vstest.console.dll, DotnetTestHostmanager: Adding  --runtimeconfig "C:\Users\33651\Desktop\.NET projects\BrowseClimateTestProject\bin\Debug\net6.0\fine-code-coverage\build-output\BrowseClimateTestProject.runtimeconfig.json" in args
TpTrace Verbose: 0 : 9364, 5, 2023/11/15, 12:10:18.578, 22662635217719, vstest.console.dll, DotnetTestHostmanager: Adding  --depsfile "C:\Users\33651\Desktop\.NET projects\BrowseClimateTestProject\bin\Debug\net6.0\fine-code-coverage\build-output\BrowseClimateTestProject.deps.json" in args
TpTrace Verbose: 0 : 9364, 5, 2023/11/15, 12:10:18.579, 22662635226828, vstest.console.dll, DotnetTestHostmanager.IsWinOnArm: Current PROCESSOR_ARCHITECTURE from environment variable 'AMD64'
TpTrace Verbose: 0 : 9364, 5, 2023/11/15, 12:10:18.579, 22662635228721, vstest.console.dll, DotnetTestHostmanager.IsWinOnArm: Is Windows on ARM 'False'
TpTrace Verbose: 0 : 9364, 5, 2023/11/15, 12:10:18.580, 22662635231172, vstest.console.dll, DotnetTestHostManager: testhost.exe found at path: C:\Users\33651\Desktop\.NET projects\BrowseClimateTestProject\bin\Debug\net6.0\fine-code-coverage\build-output\testhost.exe
TpTrace Verbose: 0 : 9364, 5, 2023/11/15, 12:10:18.580, 22662635232328, vstest.console.dll, DotnetTestHostmanager: Full path of host exe is C:\Users\33651\Desktop\.NET projects\BrowseClimateTestProject\bin\Debug\net6.0\fine-code-coverage\build-output\testhost.exe
TpTrace Verbose: 0 : 9364, 5, 2023/11/15, 12:10:18.580, 22662635235361, vstest.console.dll, DotnetTestHostmanager.LaunchTestHostAsync: Found 'VSTEST_WINAPPHOST_DOTNET_ROOT' in env variables, value 'C:\Program Files\dotnet', forwarding to 'DOTNET_ROOT'
TpTrace Verbose: 0 : 9364, 5, 2023/11/15, 12:10:18.581, 22662635239739, vstest.console.dll, DotnetTestHostManager: Starting process 'C:\Users\33651\Desktop\.NET projects\BrowseClimateTestProject\bin\Debug\net6.0\fine-code-coverage\build-output\testhost.exe' with command line ' --runtimeconfig "C:\Users\33651\Desktop\.NET projects\BrowseClimateTestProject\bin\Debug\net6.0\fine-code-coverage\build-output\BrowseClimateTestProject.runtimeconfig.json" --depsfile "C:\Users\33651\Desktop\.NET projects\BrowseClimateTestProject\bin\Debug\net6.0\fine-code-coverage\build-output\BrowseClimateTestProject.deps.json" --port 61407 --endpoint 127.0.0.1:061407 --role client --parentprocessid 9364 --diag "C:\Users\33651\Desktop\.NET projects\BrowseClimateTestProject\bin\Debug\net6.0\fine-code-coverage\coverage-tool-output\diagnostics.host.23-11-15_12-10-18_57657_5.log" --tracelevel 4 --datacollectionport 61406 --telemetryoptedin false'
TpTrace Verbose: 0 : 9364, 5, 2023/11/15, 12:10:18.599, 22662635426443, vstest.console.dll, MulticastDelegateUtilities.SafeInvoke: HostProviderEvents.OnHostLaunched: Invoking callback 1/2 for Microsoft.VisualStudio.TestPlatform.CrossPlatEngine.Client.ProxyExecutionManagerWithDataCollection., took 2 ms.
TpTrace Verbose: 0 : 9364, 5, 2023/11/15, 12:10:18.600, 22662635432014, vstest.console.dll, Test Runtime launched
TpTrace Verbose: 0 : 9364, 5, 2023/11/15, 12:10:18.600, 22662635433405, vstest.console.dll, MulticastDelegateUtilities.SafeInvoke: HostProviderEvents.OnHostLaunched: Invoking callback 2/2 for Microsoft.VisualStudio.TestPlatform.CrossPlatEngine.Client.ProxyOperationManager., took 0 ms.
TpTrace Verbose: 0 : 9364, 5, 2023/11/15, 12:10:18.600, 22662635435746, vstest.console.dll, TestRequestSender.WaitForRequestHandlerConnection: waiting for connection with timeout: 90000.
TpTrace Verbose: 0 : 9364, 5, 2023/11/15, 12:10:19.514, 22662644575367, vstest.console.dll, TestRequestSender.WaitForRequestHandlerConnection: waiting took 913 ms, with timeout 90000 ms, and result 0, which is success.
TpTrace Verbose: 0 : 9364, 7, 2023/11/15, 12:10:19.516, 22662644589772, vstest.console.dll, MulticastDelegateUtilities.SafeInvoke: SocketServer: ClientConnected: Invoking callback 1/1 for Microsoft.VisualStudio.TestPlatform.CommunicationUtilities.TestRequestSender., took 1 ms.
TpTrace Verbose: 0 : 9364, 5, 2023/11/15, 12:10:19.516, 22662644592942, vstest.console.dll, TestRequestSender.CheckVersionWithTestHost: Sending check version message: {"MessageType":"ProtocolVersion","Payload":7}
TpTrace Verbose: 0 : 9364, 7, 2023/11/15, 12:10:19.516, 22662644598450, vstest.console.dll, SocketServer.OnClientConnected: Client connected for endPoint: 127.0.0.1:61407, starting MessageLoopAsync:
TpTrace Verbose: 0 : 9364, 7, 2023/11/15, 12:10:19.517, 22662644603247, vstest.console.dll, TcpClientExtensions.MessageLoopAsync: Polling on remoteEndPoint: 127.0.0.1:61410 localEndPoint: 127.0.0.1:61407
TpTrace Verbose: 0 : 9364, 7, 2023/11/15, 12:10:20.267, 22662652099431, vstest.console.dll, TcpClientExtensions.MessageLoopAsync: NotifyDataAvailable remoteEndPoint: 127.0.0.1:61410 localEndPoint: 127.0.0.1:61407
TpTrace Verbose: 0 : 9364, 7, 2023/11/15, 12:10:20.267, 22662652105645, vstest.console.dll, TestRequestSender.CheckVersionWithTestHost: onMessageReceived received message: (ProtocolVersion) -> {"MessageType":"ProtocolVersion","Payload":7}
TpTrace Verbose: 0 : 9364, 7, 2023/11/15, 12:10:20.269, 22662652128949, vstest.console.dll, MulticastDelegateUtilities.SafeInvoke: LengthPrefixCommunicationChannel: MessageReceived: Invoking callback 1/1 for Microsoft.VisualStudio.TestPlatform.CommunicationUtilities.TestRequestSender+<>c__DisplayClass29_0., took 2 ms.
TpTrace Verbose: 0 : 9364, 5, 2023/11/15, 12:10:20.270, 22662652131148, vstest.console.dll, TestPluginCache.GetExtensionPaths: Filtered extension paths: 
TpTrace Verbose: 0 : 9364, 7, 2023/11/15, 12:10:20.270, 22662652131724, vstest.console.dll, TcpClientExtensions.MessageLoopAsync: Polling on remoteEndPoint: 127.0.0.1:61410 localEndPoint: 127.0.0.1:61407
TpTrace Verbose: 0 : 9364, 5, 2023/11/15, 12:10:20.270, 22662652136381, vstest.console.dll, TestPluginCache.GetExtensionPaths: Added default extension paths: C:\Program Files\dotnet\sdk\7.0.304\Extensions\Microsoft.Diagnostics.NETCore.Client.dll
C:\Program Files\dotnet\sdk\7.0.304\Extensions\Microsoft.TestPlatform.Extensions.BlameDataCollector.dll
C:\Program Files\dotnet\sdk\7.0.304\Extensions\Microsoft.TestPlatform.Extensions.EventLogCollector.dll
C:\Program Files\dotnet\sdk\7.0.304\Extensions\Microsoft.TestPlatform.TestHostRuntimeProvider.dll
C:\Program Files\dotnet\sdk\7.0.304\Extensions\Microsoft.VisualStudio.TestPlatform.Extensions.Html.TestLogger.dll
C:\Program Files\dotnet\sdk\7.0.304\Extensions\Microsoft.VisualStudio.TestPlatform.Extensions.Trx.TestLogger.dll
TpTrace Verbose: 0 : 9364, 5, 2023/11/15, 12:10:20.270, 22662652137086, vstest.console.dll, TestPluginCache.GetExtensionPaths: Added unfilterableExtensionPaths: 
TpTrace Verbose: 0 : 9364, 5, 2023/11/15, 12:10:20.293, 22662652368639, vstest.console.dll, TestRequestSender.InitializeExecution: Sending initialize execution with message: {"Version":7,"MessageType":"TestExecution.Initialize","Payload":["C:\\Users\\33651\\Desktop\\.NET projects\\BrowseClimateTestProject\\bin\\Debug\\net6.0\\fine-code-coverage\\build-output\\xunit.runner.visualstudio.dotnetcore.testadapter.dll"]}
TpTrace Verbose: 0 : 9364, 5, 2023/11/15, 12:10:20.294, 22662652372748, vstest.console.dll, ParallelProxyExecutionManager: Execution started. Started clients: 1
TpTrace Verbose: 0 : 9364, 5, 2023/11/15, 12:10:20.295, 22662652383571, vstest.console.dll, TestRunRequest:SendTestRunMessage: Starting.
TpTrace Verbose: 0 : 9364, 5, 2023/11/15, 12:10:20.295, 22662652388118, vstest.console.dll, MulticastDelegateUtilities.SafeInvoke: TestRun.LogMessages: Invoking callback 1/1 for Microsoft.VisualStudio.TestPlatform.CommandLine.TestRunResultAggregator., took 0 ms.
TpTrace Information: 0 : 9364, 5, 2023/11/15, 12:10:20.296, 22662652389199, vstest.console.dll, TestRunRequest:SendTestRunMessage: Completed.
TpTrace Verbose: 0 : 9364, 4, 2023/11/15, 12:10:20.296, 22662652395196, vstest.console.dll, MulticastDelegateUtilities.SafeInvoke: InternalTestLoggerEvents.SendTestRunMessage: Invoking callback 1/1 for Microsoft.VisualStudio.TestPlatform.CommandLine.Internal.ConsoleLogger., took 0 ms.
TpTrace Warning: 0 : 9364, 5, 2023/11/15, 12:10:20.297, 22662652402238, vstest.console.dll, InferRunSettingsHelper.MakeRunsettingsCompatible: Removing the following settings: TargetPlatform from RunSettings file. To use those settings please move to latest version of Microsoft.NET.Test.Sdk
TpTrace Verbose: 0 : 9364, 7, 2023/11/15, 12:10:20.302, 22662652456233, vstest.console.dll, TcpClientExtensions.MessageLoopAsync: NotifyDataAvailable remoteEndPoint: 127.0.0.1:61410 localEndPoint: 127.0.0.1:61407
TpTrace Verbose: 0 : 9364, 7, 2023/11/15, 12:10:20.303, 22662652466583, vstest.console.dll, TestRequestSender.OnExecutionMessageReceived: Received message: {"Version":7,"MessageType":"TestSession.Message","Payload":{"MessageLevel":0,"Message":"Journalisation des diagnostics TestHost dans le fichier : C:\\Users\\33651\\Desktop\\.NET projects\\BrowseClimateTestProject\\bin\\Debug\\net6.0\\fine-code-coverage\\coverage-tool-output\\diagnostics.host.23-11-15_12-10-18_57657_5.log"}}
TpTrace Verbose: 0 : 9364, 7, 2023/11/15, 12:10:20.315, 22662652582533, vstest.console.dll, TestRunRequest:SendTestRunMessage: Starting.
TpTrace Verbose: 0 : 9364, 7, 2023/11/15, 12:10:20.315, 22662652585626, vstest.console.dll, MulticastDelegateUtilities.SafeInvoke: TestRun.LogMessages: Invoking callback 1/1 for Microsoft.VisualStudio.TestPlatform.CommandLine.TestRunResultAggregator., took 0 ms.
TpTrace Verbose: 0 : 9364, 4, 2023/11/15, 12:10:20.315, 22662652585684, vstest.console.dll, MulticastDelegateUtilities.SafeInvoke: InternalTestLoggerEvents.SendTestRunMessage: Invoking callback 1/1 for Microsoft.VisualStudio.TestPlatform.CommandLine.Internal.ConsoleLogger., took 0 ms.
TpTrace Information: 0 : 9364, 7, 2023/11/15, 12:10:20.315, 22662652586701, vstest.console.dll, TestRunRequest:SendTestRunMessage: Completed.
TpTrace Verbose: 0 : 9364, 7, 2023/11/15, 12:10:20.315, 22662652587986, vstest.console.dll, MulticastDelegateUtilities.SafeInvoke: LengthPrefixCommunicationChannel: MessageReceived: Invoking callback 1/1 for Microsoft.VisualStudio.TestPlatform.CommunicationUtilities.TestRequestSender+<>c__DisplayClass34_0., took 12 ms.
TpTrace Verbose: 0 : 9364, 7, 2023/11/15, 12:10:20.315, 22662652588717, vstest.console.dll, TcpClientExtensions.MessageLoopAsync: Polling on remoteEndPoint: 127.0.0.1:61410 localEndPoint: 127.0.0.1:61407
TpTrace Verbose: 0 : 9364, 5, 2023/11/15, 12:10:20.325, 22662652683516, vstest.console.dll, TestRequestSender.StartTestRun: Sending test run with message: {"Version":7,"MessageType":"TestExecution.StartWithSources","Payload":{"AdapterSourceMap":{"_none_":["C:\\Users\\33651\\Desktop\\.NET projects\\BrowseClimateTestProject\\bin\\Debug\\net6.0\\fine-code-coverage\\build-output\\BrowseClimateTestProject.dll"]},"RunSettings":"<RunSettings>\r\n  <RunConfiguration>\r\n    <ResultsDirectory>C:\\Users\\33651\\Desktop\\.NET projects\\BrowseClimateTestProject\\bin\\Debug\\net6.0\\fine-code-coverage\\coverage-tool-output</ResultsDirectory>\r\n    <TargetFrameworkVersion>.NETCoreApp,Version=v6.0</TargetFrameworkVersion>\r\n    <DesignMode>False</DesignMode>\r\n    <CollectSourceInformation>False</CollectSourceInformation>\r\n  </RunConfiguration>\r\n  <LoggerRunSettings>\r\n    <Loggers>\r\n      <Logger friendlyName=\"blame\" enabled=\"True\" />\r\n      <Logger friendlyName=\"Console\" uri=\"logger://microsoft/TestPlatform/ConsoleLogger/v1\" assemblyQualifiedName=\"Microsoft.VisualStudio.TestPlatform.CommandLine.Internal.ConsoleLogger, vstest.console, Version=15.0.0.0, Culture=neutral, PublicKeyToken=b03f5f7f11d50a3a\" codeBase=\"C:\\Program Files\\dotnet\\sdk\\7.0.304\\vstest.console.dll\" enabled=\"True\" />\r\n    </Loggers>\r\n  </LoggerRunSettings>\r\n  <DataCollectionRunSettings>\r\n    <DataCollectors>\r\n      <DataCollector friendlyName=\"blame\" enabled=\"True\">\r\n        <Configuration>\r\n          <ResultsDirectory>C:\\Users\\33651\\Desktop\\.NET projects\\BrowseClimateTestProject\\bin\\Debug\\net6.0\\fine-code-coverage\\coverage-tool-output</ResultsDirectory>\r\n        </Configuration>\r\n      </DataCollector>\r\n    </DataCollectors>\r\n  </DataCollectionRunSettings>\r\n</RunSettings>","TestExecutionContext":{"FrequencyOfRunStatsChangeEvent":10,"RunStatsChangeEventTimeout":"00:00:01.5000000","InIsolation":false,"KeepAlive":false,"AreTestCaseLevelEventsRequired":false,"IsDebug":false,"TestCaseFilter":null,"FilterOptions":null},"Package":null}}
TpTrace Verbose: 0 : 9364, 7, 2023/11/15, 12:10:20.870, 22662658134359, vstest.console.dll, TcpClientExtensions.MessageLoopAsync: NotifyDataAvailable remoteEndPoint: 127.0.0.1:61410 localEndPoint: 127.0.0.1:61407
TpTrace Verbose: 0 : 9364, 7, 2023/11/15, 12:10:20.870, 22662658136114, vstest.console.dll, TestRequestSender.OnExecutionMessageReceived: Received message: {"Version":7,"MessageType":"TestSession.Message","Payload":{"MessageLevel":0,"Message":"[xUnit.net 00:00:00.01] xUnit.net VSTest Adapter v2.4.5+1caef2f33e (64-bit .NET 6.0.18)"}}
TpTrace Verbose: 0 : 9364, 7, 2023/11/15, 12:10:20.871, 22662658139286, vstest.console.dll, TestRunRequest:SendTestRunMessage: Starting.
TpTrace Verbose: 0 : 9364, 7, 2023/11/15, 12:10:20.871, 22662658140213, vstest.console.dll, MulticastDelegateUtilities.SafeInvoke: TestRun.LogMessages: Invoking callback 1/1 for Microsoft.VisualStudio.TestPlatform.CommandLine.TestRunResultAggregator., took 0 ms.
TpTrace Verbose: 0 : 9364, 4, 2023/11/15, 12:10:20.871, 22662658140453, vstest.console.dll, MulticastDelegateUtilities.SafeInvoke: InternalTestLoggerEvents.SendTestRunMessage: Invoking callback 1/1 for Microsoft.VisualStudio.TestPlatform.CommandLine.Internal.ConsoleLogger., took 0 ms.
TpTrace Information: 0 : 9364, 7, 2023/11/15, 12:10:20.871, 22662658140628, vstest.console.dll, TestRunRequest:SendTestRunMessage: Completed.
TpTrace Verbose: 0 : 9364, 7, 2023/11/15, 12:10:20.871, 22662658142219, vstest.console.dll, MulticastDelegateUtilities.SafeInvoke: LengthPrefixCommunicationChannel: MessageReceived: Invoking callback 1/1 for Microsoft.VisualStudio.TestPlatform.CommunicationUtilities.TestRequestSender+<>c__DisplayClass34_0., took 0 ms.
TpTrace Verbose: 0 : 9364, 7, 2023/11/15, 12:10:20.871, 22662658142835, vstest.console.dll, TcpClientExtensions.MessageLoopAsync: Polling on remoteEndPoint: 127.0.0.1:61410 localEndPoint: 127.0.0.1:61407
TpTrace Verbose: 0 : 9364, 7, 2023/11/15, 12:10:21.878, 22662668214198, vstest.console.dll, TcpClientExtensions.MessageLoopAsync: Polling on remoteEndPoint: 127.0.0.1:61410 localEndPoint: 127.0.0.1:61407
TpTrace Verbose: 0 : 9364, 7, 2023/11/15, 12:10:22.885, 22662678285128, vstest.console.dll, TcpClientExtensions.MessageLoopAsync: Polling on remoteEndPoint: 127.0.0.1:61410 localEndPoint: 127.0.0.1:61407
TpTrace Verbose: 0 : 9364, 7, 2023/11/15, 12:10:23.235, 22662681779696, vstest.console.dll, TcpClientExtensions.MessageLoopAsync: NotifyDataAvailable remoteEndPoint: 127.0.0.1:61410 localEndPoint: 127.0.0.1:61407
TpTrace Verbose: 0 : 9364, 7, 2023/11/15, 12:10:23.235, 22662681782439, vstest.console.dll, TestRequestSender.OnExecutionMessageReceived: Received message: {"Version":7,"MessageType":"TestSession.Message","Payload":{"MessageLevel":0,"Message":"[xUnit.net 00:00:02.37]   Discovering: BrowseClimateTestProject"}}
TpTrace Verbose: 0 : 9364, 7, 2023/11/15, 12:10:23.235, 22662681785016, vstest.console.dll, TestRunRequest:SendTestRunMessage: Starting.
TpTrace Verbose: 0 : 9364, 7, 2023/11/15, 12:10:23.235, 22662681787168, vstest.console.dll, MulticastDelegateUtilities.SafeInvoke: TestRun.LogMessages: Invoking callback 1/1 for Microsoft.VisualStudio.TestPlatform.CommandLine.TestRunResultAggregator., took 0 ms.
TpTrace Information: 0 : 9364, 7, 2023/11/15, 12:10:23.235, 22662681788556, vstest.console.dll, TestRunRequest:SendTestRunMessage: Completed.
TpTrace Verbose: 0 : 9364, 4, 2023/11/15, 12:10:23.236, 22662681789775, vstest.console.dll, MulticastDelegateUtilities.SafeInvoke: InternalTestLoggerEvents.SendTestRunMessage: Invoking callback 1/1 for Microsoft.VisualStudio.TestPlatform.CommandLine.Internal.ConsoleLogger., took 0 ms.
TpTrace Verbose: 0 : 9364, 7, 2023/11/15, 12:10:23.236, 22662681789998, vstest.console.dll, MulticastDelegateUtilities.SafeInvoke: LengthPrefixCommunicationChannel: MessageReceived: Invoking callback 1/1 for Microsoft.VisualStudio.TestPlatform.CommunicationUtilities.TestRequestSender+<>c__DisplayClass34_0., took 0 ms.
TpTrace Verbose: 0 : 9364, 7, 2023/11/15, 12:10:23.236, 22662681793805, vstest.console.dll, TcpClientExtensions.MessageLoopAsync: Polling on remoteEndPoint: 127.0.0.1:61410 localEndPoint: 127.0.0.1:61407
TpTrace Verbose: 0 : 9364, 7, 2023/11/15, 12:10:23.331, 22662682739275, vstest.console.dll, TcpClientExtensions.MessageLoopAsync: NotifyDataAvailable remoteEndPoint: 127.0.0.1:61410 localEndPoint: 127.0.0.1:61407
TpTrace Verbose: 0 : 9364, 7, 2023/11/15, 12:10:23.331, 22662682741592, vstest.console.dll, TestRequestSender.OnExecutionMessageReceived: Received message: {"Version":7,"MessageType":"TestSession.Message","Payload":{"MessageLevel":0,"Message":"[xUnit.net 00:00:02.47]   Discovered:  BrowseClimateTestProject"}}
TpTrace Verbose: 0 : 9364, 7, 2023/11/15, 12:10:23.331, 22662682743763, vstest.console.dll, TestRunRequest:SendTestRunMessage: Starting.
TpTrace Verbose: 0 : 9364, 7, 2023/11/15, 12:10:23.331, 22662682744886, vstest.console.dll, MulticastDelegateUtilities.SafeInvoke: TestRun.LogMessages: Invoking callback 1/1 for Microsoft.VisualStudio.TestPlatform.CommandLine.TestRunResultAggregator., took 0 ms.
TpTrace Information: 0 : 9364, 7, 2023/11/15, 12:10:23.331, 22662682745556, vstest.console.dll, TestRunRequest:SendTestRunMessage: Completed.
TpTrace Verbose: 0 : 9364, 7, 2023/11/15, 12:10:23.331, 22662682746202, vstest.console.dll, MulticastDelegateUtilities.SafeInvoke: LengthPrefixCommunicationChannel: MessageReceived: Invoking callback 1/1 for Microsoft.VisualStudio.TestPlatform.CommunicationUtilities.TestRequestSender+<>c__DisplayClass34_0., took 0 ms.
TpTrace Verbose: 0 : 9364, 4, 2023/11/15, 12:10:23.331, 22662682745468, vstest.console.dll, MulticastDelegateUtilities.SafeInvoke: InternalTestLoggerEvents.SendTestRunMessage: Invoking callback 1/1 for Microsoft.VisualStudio.TestPlatform.CommandLine.Internal.ConsoleLogger., took 0 ms.
TpTrace Verbose: 0 : 9364, 7, 2023/11/15, 12:10:23.331, 22662682746900, vstest.console.dll, TcpClientExtensions.MessageLoopAsync: Polling on remoteEndPoint: 127.0.0.1:61410 localEndPoint: 127.0.0.1:61407
TpTrace Verbose: 0 : 9364, 7, 2023/11/15, 12:10:23.336, 22662682791625, vstest.console.dll, TcpClientExtensions.MessageLoopAsync: NotifyDataAvailable remoteEndPoint: 127.0.0.1:61410 localEndPoint: 127.0.0.1:61407
TpTrace Verbose: 0 : 9364, 7, 2023/11/15, 12:10:23.336, 22662682794322, vstest.console.dll, TestRequestSender.OnExecutionMessageReceived: Received message: {"Version":7,"MessageType":"TestSession.Message","Payload":{"MessageLevel":0,"Message":"[xUnit.net 00:00:02.47]   Starting:    BrowseClimateTestProject"}}
TpTrace Verbose: 0 : 9364, 7, 2023/11/15, 12:10:23.336, 22662682796870, vstest.console.dll, TestRunRequest:SendTestRunMessage: Starting.
TpTrace Verbose: 0 : 9364, 7, 2023/11/15, 12:10:23.336, 22662682798804, vstest.console.dll, MulticastDelegateUtilities.SafeInvoke: TestRun.LogMessages: Invoking callback 1/1 for Microsoft.VisualStudio.TestPlatform.CommandLine.TestRunResultAggregator., took 0 ms.
TpTrace Verbose: 0 : 9364, 4, 2023/11/15, 12:10:23.336, 22662682798962, vstest.console.dll, MulticastDelegateUtilities.SafeInvoke: InternalTestLoggerEvents.SendTestRunMessage: Invoking callback 1/1 for Microsoft.VisualStudio.TestPlatform.CommandLine.Internal.ConsoleLogger., took 0 ms.
TpTrace Information: 0 : 9364, 7, 2023/11/15, 12:10:23.337, 22662682800696, vstest.console.dll, TestRunRequest:SendTestRunMessage: Completed.
TpTrace Verbose: 0 : 9364, 7, 2023/11/15, 12:10:23.337, 22662682802158, vstest.console.dll, MulticastDelegateUtilities.SafeInvoke: LengthPrefixCommunicationChannel: MessageReceived: Invoking callback 1/1 for Microsoft.VisualStudio.TestPlatform.CommunicationUtilities.TestRequestSender+<>c__DisplayClass34_0., took 0 ms.
TpTrace Verbose: 0 : 9364, 7, 2023/11/15, 12:10:23.337, 22662682803224, vstest.console.dll, TcpClientExtensions.MessageLoopAsync: Polling on remoteEndPoint: 127.0.0.1:61410 localEndPoint: 127.0.0.1:61407
TpTrace Verbose: 0 : 9364, 7, 2023/11/15, 12:10:23.487, 22662684308345, vstest.console.dll, TcpClientExtensions.MessageLoopAsync: NotifyDataAvailable remoteEndPoint: 127.0.0.1:61410 localEndPoint: 127.0.0.1:61407
TpTrace Verbose: 0 : 9364, 7, 2023/11/15, 12:10:23.488, 22662684311508, vstest.console.dll, TestRequestSender.OnExecutionMessageReceived: Received message: {"Version":7,"MessageType":"TestExecution.StatsChange","Payload":{"NewTestResults":[],"TestRunStatistics":{"ExecutedTests":0,"Stats":{}},"ActiveTests":[{"Id":"ed5c88bb-2398-fa05-4c68-d4970f2d7443","FullyQualifiedName":"BrowseClimateTestProject.UserServicesTest.UserServiceTest.CreateUser_ThrowsErrorIfInvalidPseudo","DisplayName":"BrowseClimateTestProject.UserServicesTest.UserServiceTest.CreateUser_ThrowsErrorIfInvalidPseudo","ExecutorUri":"executor://xunit/VsTestRunner2/netcoreapp","Source":"C:\\Users\\33651\\Desktop\\.NET projects\\BrowseClimateTestProject\\bin\\Debug\\net6.0\\fine-code-coverage\\build-output\\BrowseClimateTestProject.dll","CodeFilePath":null,"LineNumber":0,"Properties":[]}]}}
TpTrace Verbose: 0 : 9364, 7, 2023/11/15, 12:10:23.527, 22662684708478, vstest.console.dll, TestRunRequest:SendTestRunStatsChange: Starting.
TpTrace Verbose: 0 : 9364, 7, 2023/11/15, 12:10:23.528, 22662684715570, vstest.console.dll, InProgress is BrowseClimateTestProject.UserServicesTest.UserServiceTest.CreateUser_ThrowsErrorIfInvalidPseudo
TpTrace Verbose: 0 : 9364, 7, 2023/11/15, 12:10:23.529, 22662684721374, vstest.console.dll, MulticastDelegateUtilities.SafeInvoke: TestRun.RunStatsChanged: Invoking callbacks was skipped because there are no subscribers.
TpTrace Information: 0 : 9364, 7, 2023/11/15, 12:10:23.529, 22662684723158, vstest.console.dll, TestRunRequest:SendTestRunStatsChange: Completed.
TpTrace Verbose: 0 : 9364, 7, 2023/11/15, 12:10:23.529, 22662684724629, vstest.console.dll, MulticastDelegateUtilities.SafeInvoke: LengthPrefixCommunicationChannel: MessageReceived: Invoking callback 1/1 for Microsoft.VisualStudio.TestPlatform.CommunicationUtilities.TestRequestSender+<>c__DisplayClass34_0., took 41 ms.
TpTrace Verbose: 0 : 9364, 7, 2023/11/15, 12:10:23.529, 22662684725460, vstest.console.dll, TcpClientExtensions.MessageLoopAsync: Polling on remoteEndPoint: 127.0.0.1:61410 localEndPoint: 127.0.0.1:61407
TpTrace Verbose: 0 : 9364, 7, 2023/11/15, 12:10:23.777, 22662687199796, vstest.console.dll, TcpClientExtensions.MessageLoopAsync: NotifyDataAvailable remoteEndPoint: 127.0.0.1:61410 localEndPoint: 127.0.0.1:61407
TpTrace Verbose: 0 : 9364, 7, 2023/11/15, 12:10:23.777, 22662687201705, vstest.console.dll, TestRequestSender.OnExecutionMessageReceived: Received message: {"Version":7,"MessageType":"TestSession.Message","Payload":{"MessageLevel":0,"Message":"[xUnit.net 00:00:02.91]   Finished:    BrowseClimateTestProject"}}
TpTrace Verbose: 0 : 9364, 7, 2023/11/15, 12:10:23.777, 22662687203331, vstest.console.dll, TestRunRequest:SendTestRunMessage: Starting.
TpTrace Verbose: 0 : 9364, 7, 2023/11/15, 12:10:23.777, 22662687204351, vstest.console.dll, MulticastDelegateUtilities.SafeInvoke: TestRun.LogMessages: Invoking callback 1/1 for Microsoft.VisualStudio.TestPlatform.CommandLine.TestRunResultAggregator., took 0 ms.
TpTrace Verbose: 0 : 9364, 4, 2023/11/15, 12:10:23.777, 22662687204680, vstest.console.dll, MulticastDelegateUtilities.SafeInvoke: InternalTestLoggerEvents.SendTestRunMessage: Invoking callback 1/1 for Microsoft.VisualStudio.TestPlatform.CommandLine.Internal.ConsoleLogger., took 0 ms.
TpTrace Information: 0 : 9364, 7, 2023/11/15, 12:10:23.777, 22662687205176, vstest.console.dll, TestRunRequest:SendTestRunMessage: Completed.
TpTrace Verbose: 0 : 9364, 7, 2023/11/15, 12:10:23.777, 22662687206263, vstest.console.dll, MulticastDelegateUtilities.SafeInvoke: LengthPrefixCommunicationChannel: MessageReceived: Invoking callback 1/1 for Microsoft.VisualStudio.TestPlatform.CommunicationUtilities.TestRequestSender+<>c__DisplayClass34_0., took 0 ms.
TpTrace Verbose: 0 : 9364, 7, 2023/11/15, 12:10:23.777, 22662687206878, vstest.console.dll, TcpClientExtensions.MessageLoopAsync: Polling on remoteEndPoint: 127.0.0.1:61410 localEndPoint: 127.0.0.1:61407
TpTrace Verbose: 0 : 9364, 7, 2023/11/15, 12:10:23.818, 22662687614537, vstest.console.dll, TcpClientExtensions.MessageLoopAsync: NotifyDataAvailable remoteEndPoint: 127.0.0.1:61410 localEndPoint: 127.0.0.1:61407
TpTrace Verbose: 0 : 9364, 7, 2023/11/15, 12:10:23.818, 22662687618692, vstest.console.dll, TestRequestSender.OnExecutionMessageReceived: Received message: {"Version":7,"MessageType":"TestExecution.Completed","Payload":{"TestRunCompleteArgs":{"TestRunStatistics":{"ExecutedTests":7,"Stats":{"Passed":7}},"IsCanceled":false,"IsAborted":false,"Error":null,"AttachmentSets":[],"InvokedDataCollectors":[],"ElapsedTimeInRunningTests":"00:00:02.9472220","Metrics":{},"DiscoveredExtensions":{"TestDiscoverers":["Xunit.Runner.VisualStudio.VsTestRunner, xunit.runner.visualstudio.dotnetcore.testadapter, Version=2.4.0.0, Culture=neutral, PublicKeyToken=8d05b1bb7a6fdb6c"],"TestExecutors":["executor://xunit/VsTestRunner2/netcoreapp"],"TestExecutors2":[],"TestSettingsProviders":[]}},"LastRunTests":{"NewTestResults":[{"TestCase":{"Id":"7fe3a0ce-e4e7-9ce4-6a05-9d7503d2c185","FullyQualifiedName":"BrowseClimateTestProject.ArticleServiceTests.ArticleServiceTest.CreateArticle_ThrowsErrorIfEmptyFields","DisplayName":"BrowseClimateTestProject.ArticleServiceTests.ArticleServiceTest.CreateArticle_ThrowsErrorIfEmptyFields","ExecutorUri":"executor://xunit/VsTestRunner2/netcoreapp","Source":"C:\\Users\\33651\\Desktop\\.NET projects\\BrowseClimateTestProject\\bin\\Debug\\net6.0\\fine-code-coverage\\build-output\\BrowseClimateTestProject.dll","CodeFilePath":null,"LineNumber":0,"Properties":[]},"Attachments":[],"Outcome":1,"ErrorMessage":null,"ErrorStackTrace":null,"DisplayName":"BrowseClimateTestProject.ArticleServiceTests.ArticleServiceTest.CreateArticle_ThrowsErrorIfEmptyFields","Messages":[],"ComputerName":"LAPTOP-DQ0RLDJ4","Duration":"00:00:00.2030013","StartTime":"2023-11-15T11:10:23.6636015+00:00","EndTime":"2023-11-15T11:10:23.6636548+00:00","Properties":[]},{"TestCase":{"Id":"19ae975d-0c0d-78d8-281e-347c1a9e94a7","FullyQualifiedName":"BrowseClimateTestProject.CityServiceTests.CityServiceTest.CreateCity_ThrowsErrorIfInvalidField","DisplayName":"BrowseClimateTestProject.CityServiceTests.CityServiceTest.CreateCity_ThrowsErrorIfInvalidField","ExecutorUri":"executor://xunit/VsTestRunner2/netcoreapp","Source":"C:\\Users\\33651\\Desktop\\.NET projects\\BrowseClimateTestProject\\bin\\Debug\\net6.0\\fine-code-coverage\\build-output\\BrowseClimateTestProject.dll","CodeFilePath":null,"LineNumber":0,"Properties":[]},"Attachments":[],"Outcome":1,"ErrorMessage":null,"ErrorStackTrace":null,"DisplayName":"BrowseClimateTestProject.CityServiceTests.CityServiceTest.CreateCity_ThrowsErrorIfInvalidField","Messages":[],"ComputerName":"LAPTOP-DQ0RLDJ4","Duration":"00:00:00.2010442","StartTime":"2023-11-15T11:10:23.7075119+00:00","EndTime":"2023-11-15T11:10:23.7075122+00:00","Properties":[]},{"TestCase":{"Id":"b96003bf-a6a8-4182-9c06-e97e5b403edd","FullyQualifiedName":"BrowseClimateTestProject.CityServiceTests.CityServiceTest.CreateCity_SuccessfullyCreateCity","DisplayName":"BrowseClimateTestProject.CityServiceTests.CityServiceTest.CreateCity_SuccessfullyCreateCity","ExecutorUri":"executor://xunit/VsTestRunner2/netcoreapp","Source":"C:\\Users\\33651\\Desktop\\.NET projects\\BrowseClimateTestProject\\bin\\Debug\\net6.0\\fine-code-coverage\\build-output\\BrowseClimateTestProject.dll","CodeFilePath":null,"LineNumber":0,"Properties":[]},"Attachments":[],"Outcome":1,"ErrorMessage":null,"ErrorStackTrace":null,"DisplayName":"BrowseClimateTestProject.CityServiceTests.CityServiceTest.CreateCity_SuccessfullyCreateCity","Messages":[],"ComputerName":"LAPTOP-DQ0RLDJ4","Duration":"00:00:00.0114440","StartTime":"2023-11-15T11:10:23.7194952+00:00","EndTime":"2023-11-15T11:10:23.7194956+00:00","Properties":[]},{"TestCase":{"Id":"1eb07c4c-ba9f-8924-c28b-de34e823595d","FullyQualifiedName":"BrowseClimateTestProject.ArticleServiceTests.ArticleServiceTest.CreateArticle_SuccessfullyCreateArticle","DisplayName":"BrowseClimateTestProject.ArticleServiceTests.ArticleServiceTest.CreateArticle_SuccessfullyCreateArticle","ExecutorUri":"executor://xunit/VsTestRunner2/netcoreapp","Source":"C:\\Users\\33651\\Desktop\\.NET projects\\BrowseClimateTestProject\\bin\\Debug\\net6.0\\fine-code-coverage\\build-output\\BrowseClimateTestProject.dll","CodeFilePath":null,"LineNumber":0,"Properties":[]},"Attachments":[],"Outcome":1,"ErrorMessage":null,"ErrorStackTrace":null,"DisplayName":"BrowseClimateTestProject.ArticleServiceTests.ArticleServiceTest.CreateArticle_SuccessfullyCreateArticle","Messages":[],"ComputerName":"LAPTOP-DQ0RLDJ4","Duration":"00:00:00.0114510","StartTime":"2023-11-15T11:10:23.7218267+00:00","EndTime":"2023-11-15T11:10:23.7218272+00:00","Properties":[]},{"TestCase":{"Id":"ed5c88bb-2398-fa05-4c68-d4970f2d7443","FullyQualifiedName":"BrowseClimateTestProject.UserServicesTest.UserServiceTest.CreateUser_ThrowsErrorIfInvalidPseudo","DisplayName":"BrowseClimateTestProject.UserServicesTest.UserServiceTest.CreateUser_ThrowsErrorIfInvalidPseudo","ExecutorUri":"executor://xunit/VsTestRunner2/netcoreapp","Source":"C:\\Users\\33651\\Desktop\\.NET projects\\BrowseClimateTestProject\\bin\\Debug\\net6.0\\fine-code-coverage\\build-output\\BrowseClimateTestProject.dll","CodeFilePath":null,"LineNumber":0,"Properties":[]},"Attachments":[],"Outcome":1,"ErrorMessage":null,"ErrorStackTrace":null,"DisplayName":"BrowseClimateTestProject.UserServicesTest.UserServiceTest.CreateUser_ThrowsErrorIfInvalidPseudo","Messages":[],"ComputerName":"LAPTOP-DQ0RLDJ4","Duration":"00:00:00.3032382","StartTime":"2023-11-15T11:10:23.7570719+00:00","EndTime":"2023-11-15T11:10:23.7570723+00:00","Properties":[]},{"TestCase":{"Id":"d464bd6e-0495-a2e8-e1ff-50b84af1d69e","FullyQualifiedName":"BrowseClimateTestProject.UserServicesTest.UserServiceTest.CreateUser_SuccessfullyCreateUser","DisplayName":"BrowseClimateTestProject.UserServicesTest.UserServiceTest.CreateUser_SuccessfullyCreateUser","ExecutorUri":"executor://xunit/VsTestRunner2/netcoreapp","Source":"C:\\Users\\33651\\Desktop\\.NET projects\\BrowseClimateTestProject\\bin\\Debug\\net6.0\\fine-code-coverage\\build-output\\BrowseClimateTestProject.dll","CodeFilePath":null,"LineNumber":0,"Properties":[]},"Attachments":[],"Outcome":1,"ErrorMessage":null,"ErrorStackTrace":null,"DisplayName":"BrowseClimateTestProject.UserServicesTest.UserServiceTest.CreateUser_SuccessfullyCreateUser","Messages":[],"ComputerName":"LAPTOP-DQ0RLDJ4","Duration":"00:00:00.0109646","StartTime":"2023-11-15T11:10:23.7681828+00:00","EndTime":"2023-11-15T11:10:23.7681831+00:00","Properties":[]},{"TestCase":{"Id":"885f1feb-44b0-f630-5738-9be8d5f0a2a3","FullyQualifiedName":"BrowseClimateTestProject.UserServicesTest.UserServiceTest.CreateUser_ThrowsErrorIfInvalidPassword","DisplayName":"BrowseClimateTestProject.UserServicesTest.UserServiceTest.CreateUser_ThrowsErrorIfInvalidPassword","ExecutorUri":"executor://xunit/VsTestRunner2/netcoreapp","Source":"C:\\Users\\33651\\Desktop\\.NET projects\\BrowseClimateTestProject\\bin\\Debug\\net6.0\\fine-code-coverage\\build-output\\BrowseClimateTestProject.dll","CodeFilePath":null,"LineNumber":0,"Properties":[]},"Attachments":[],"Outcome":1,"ErrorMessage":null,"ErrorStackTrace":null,"DisplayName":"BrowseClimateTestProject.UserServicesTest.UserServiceTest.CreateUser_ThrowsErrorIfInvalidPassword","Messages":[],"ComputerName":"LAPTOP-DQ0RLDJ4","Duration":"00:00:00.0030602","StartTime":"2023-11-15T11:10:23.772175+00:00","EndTime":"2023-11-15T11:10:23.7721753+00:00","Properties":[]}],"TestRunStatistics":{"ExecutedTests":7,"Stats":{"Passed":7}},"ActiveTests":[]},"RunAttachments":[],"ExecutorUris":["executor://xunit/VsTestRunner2/netcoreapp"]}}
TpTrace Verbose: 0 : 9364, 7, 2023/11/15, 12:10:23.819, 22662687621130, vstest.console.dll, TestRequestSender.EndSession: Sending end session.
TpTrace Verbose: 0 : 9364, 7, 2023/11/15, 12:10:23.819, 22662687623646, vstest.console.dll, ProxyOperationManager.Close: waiting for test host to exit for 100 ms
TpTrace Warning: 0 : 9364, 7, 2023/11/15, 12:10:23.927, 22662688703901, vstest.console.dll, ProxyOperationManager: Timed out waiting for test host to exit. Will terminate process.
TpTrace Information: 0 : 9364, 7, 2023/11/15, 12:10:23.927, 22662688707128, vstest.console.dll, SocketServer.Stop: Stop server endPoint: 127.0.0.1:61407
TpTrace Information: 0 : 9364, 7, 2023/11/15, 12:10:23.927, 22662688708073, vstest.console.dll, SocketServer.Stop: Cancellation requested. Stopping message loop.
TpTrace Information: 0 : 9364, 7, 2023/11/15, 12:10:23.928, 22662688710193, vstest.console.dll, Closing the connection
TpTrace Warning: 0 : 9364, 12, 2023/11/15, 12:10:23.931, 22662688746617, vstest.console.dll, TestHostManagerCallbacks.ErrorReceivedCallback Test host standard error line: 
TpTrace Verbose: 0 : 9364, 7, 2023/11/15, 12:10:23.977, 22662689199981, vstest.console.dll, TestHostProvider.ExitCallBack: Host exited starting callback.
TpTrace Information: 0 : 9364, 7, 2023/11/15, 12:10:23.977, 22662689202846, vstest.console.dll, TestHostManagerCallbacks.ExitCallBack: Testhost processId: 18320 exited with exitcode: 0 error: ''
TpTrace Verbose: 0 : 9364, 7, 2023/11/15, 12:10:23.977, 22662689203965, vstest.console.dll, DotnetTestHostManager.OnHostExited: invoking OnHostExited callback
TpTrace Verbose: 0 : 9364, 7, 2023/11/15, 12:10:23.977, 22662689205492, vstest.console.dll, CrossPlatEngine.TestHostManagerHostExited: calling on client process exit callback.
TpTrace Information: 0 : 9364, 7, 2023/11/15, 12:10:23.977, 22662689206882, vstest.console.dll, TestRequestSender.OnClientProcessExit: Test host process exited. Standard error: 
TpTrace Information: 0 : 9364, 7, 2023/11/15, 12:10:23.977, 22662689208903, vstest.console.dll, SocketServer.Stop: Stop server endPoint: 127.0.0.1:61407
TpTrace Information: 0 : 9364, 7, 2023/11/15, 12:10:23.978, 22662689209802, vstest.console.dll, SocketServer.Stop: Cancellation requested. Stopping message loop.
TpTrace Verbose: 0 : 9364, 7, 2023/11/15, 12:10:23.978, 22662689210771, vstest.console.dll, MulticastDelegateUtilities.SafeInvoke: HostProviderEvents.OnHostExited: Invoking callback 1/1 for Microsoft.VisualStudio.TestPlatform.CrossPlatEngine.Client.ProxyOperationManager., took 0 ms.
TpTrace Verbose: 0 : 9364, 7, 2023/11/15, 12:10:23.978, 22662689217365, vstest.console.dll, ProxyDataCollectionManager.InvokeDataCollectionServiceAction: Starting.
TpTrace Information: 0 : 9364, 7, 2023/11/15, 12:10:23.979, 22662689224112, vstest.console.dll, ProxyDataCollectionManager.AfterTestRunEnd: Get attachment set and invoked data collectors processId: 37572 port: 61402
TpTrace Verbose: 0 : 9364, 7, 2023/11/15, 12:10:23.979, 22662689225983, vstest.console.dll, DataCollectionRequestSender.SendAfterTestRunStartAndGetResult: Send AfterTestRunEnd message with isCancelled: False
TpTrace Verbose: 0 : 9364, 7, 2023/11/15, 12:10:23.997, 22662689405395, vstest.console.dll, DataCollectionRequestSender.SendAfterTestRunStartAndGetResult: Received message: (DataCollection.AfterTestRunEndResult) -> {"MessageType":"DataCollection.AfterTestRunEndResult","Payload":{"AttachmentSets":[],"InvokedDataCollectors":[{"Uri":"datacollector://Microsoft/TestPlatform/Extensions/Blame/v1","FriendlyName":"Blame","AssemblyQualifiedName":"Microsoft.TestPlatform.Extensions.BlameDataCollector.BlameCollector, Microsoft.TestPlatform.Extensions.BlameDataCollector, Version=15.0.0.0, Culture=neutral, PublicKeyToken=b03f5f7f11d50a3a","FilePath":"C:\\Program Files\\dotnet\\sdk\\7.0.304\\Extensions\\Microsoft.TestPlatform.Extensions.BlameDataCollector.dll","HasAttachmentProcessor":false}],"Metrics":{}}}
TpTrace Information: 0 : 9364, 7, 2023/11/15, 12:10:24.011, 22662689545336, vstest.console.dll, ProxyDataCollectionManager.InvokeDataCollectionServiceAction: Completed.
TpTrace Warning: 0 : 9364, 10, 2023/11/15, 12:10:24.011, 22662689547300, vstest.console.dll, DataCollectionLauncher.ErrorReceivedCallback datacollector standard error line: 
TpTrace Information: 0 : 9364, 10, 2023/11/15, 12:10:24.027, 22662689699345, vstest.console.dll, DataCollectionLauncher.ExitCallBack: Data collector exited with exitcode: 0 error: ''
TpTrace Verbose: 0 : 9364, 7, 2023/11/15, 12:10:24.154, 22662690975393, vstest.console.dll, TestRunRequest:SendTestRunStatsChange: Starting.
TpTrace Verbose: 0 : 9364, 7, 2023/11/15, 12:10:24.155, 22662690984389, vstest.console.dll, MulticastDelegateUtilities.SafeInvoke: TestRun.RunStatsChanged: Invoking callbacks was skipped because there are no subscribers.
TpTrace Information: 0 : 9364, 7, 2023/11/15, 12:10:24.155, 22662690986274, vstest.console.dll, TestRunRequest:SendTestRunStatsChange: Completed.
TpTrace Verbose: 0 : 9364, 7, 2023/11/15, 12:10:24.157, 22662690999547, vstest.console.dll, ParallelProxyExecutionManager: HandlePartialRunComplete: Total completed clients = 1, Run complete = True, Run canceled: False.
TpTrace Verbose: 0 : 9364, 4, 2023/11/15, 12:10:24.160, 22662691034469, vstest.console.dll, MulticastDelegateUtilities.SafeInvoke: InternalTestLoggerEvents.SendTestResult: Invoking callback 1/1 for Microsoft.VisualStudio.TestPlatform.CommandLine.Internal.ConsoleLogger., took 4 ms.
TpTrace Verbose: 0 : 9364, 4, 2023/11/15, 12:10:24.161, 22662691045866, vstest.console.dll, MulticastDelegateUtilities.SafeInvoke: InternalTestLoggerEvents.SendTestResult: Invoking callback 1/1 for Microsoft.VisualStudio.TestPlatform.CommandLine.Internal.ConsoleLogger., took 0 ms.
TpTrace Verbose: 0 : 9364, 4, 2023/11/15, 12:10:24.161, 22662691048500, vstest.console.dll, MulticastDelegateUtilities.SafeInvoke: InternalTestLoggerEvents.SendTestResult: Invoking callback 1/1 for Microsoft.VisualStudio.TestPlatform.CommandLine.Internal.ConsoleLogger., took 0 ms.
TpTrace Verbose: 0 : 9364, 4, 2023/11/15, 12:10:24.162, 22662691049729, vstest.console.dll, MulticastDelegateUtilities.SafeInvoke: InternalTestLoggerEvents.SendTestResult: Invoking callback 1/1 for Microsoft.VisualStudio.TestPlatform.CommandLine.Internal.ConsoleLogger., took 0 ms.
TpTrace Verbose: 0 : 9364, 4, 2023/11/15, 12:10:24.162, 22662691050759, vstest.console.dll, MulticastDelegateUtilities.SafeInvoke: InternalTestLoggerEvents.SendTestResult: Invoking callback 1/1 for Microsoft.VisualStudio.TestPlatform.CommandLine.Internal.ConsoleLogger., took 0 ms.
TpTrace Verbose: 0 : 9364, 4, 2023/11/15, 12:10:24.162, 22662691051849, vstest.console.dll, MulticastDelegateUtilities.SafeInvoke: InternalTestLoggerEvents.SendTestResult: Invoking callback 1/1 for Microsoft.VisualStudio.TestPlatform.CommandLine.Internal.ConsoleLogger., took 0 ms.
TpTrace Verbose: 0 : 9364, 4, 2023/11/15, 12:10:24.162, 22662691052809, vstest.console.dll, MulticastDelegateUtilities.SafeInvoke: InternalTestLoggerEvents.SendTestResult: Invoking callback 1/1 for Microsoft.VisualStudio.TestPlatform.CommandLine.Internal.ConsoleLogger., took 0 ms.
TpTrace Verbose: 0 : 9364, 4, 2023/11/15, 12:10:24.179, 22662691224521, vstest.console.dll, MulticastDelegateUtilities.SafeInvoke: InternalTestLoggerEvents.SendTestRunComplete: Invoking callback 1/2 for Microsoft.TestPlatform.Extensions.BlameDataCollector.BlameLogger., took 0 ms.
TpTrace Verbose: 0 : 9364, 4, 2023/11/15, 12:10:24.197, 22662691408526, vstest.console.dll, MulticastDelegateUtilities.SafeInvoke: InternalTestLoggerEvents.SendTestRunComplete: Invoking callback 2/2 for Microsoft.VisualStudio.TestPlatform.CommandLine.Internal.ConsoleLogger., took 18 ms.
TpTrace Verbose: 0 : 9364, 7, 2023/11/15, 12:10:24.198, 22662691415548, vstest.console.dll, TestRunRequest:TestRunComplete: Starting. IsAborted:False IsCanceled:False.
TpTrace Verbose: 0 : 9364, 7, 2023/11/15, 12:10:24.203, 22662691461081, vstest.console.dll, TestLoggerManager.HandleTestRunComplete: Ignoring as the object is disposed.
TpTrace Verbose: 0 : 9364, 7, 2023/11/15, 12:10:24.203, 22662691468694, vstest.console.dll, MulticastDelegateUtilities.SafeInvoke: TestRun.TestRunComplete: Invoking callback 1/2 for Microsoft.VisualStudio.TestPlatform.CommandLine.TestRunResultAggregator., took 0 ms.
TpTrace Verbose: 0 : 9364, 7, 2023/11/15, 12:10:24.204, 22662691473100, vstest.console.dll, MulticastDelegateUtilities.SafeInvoke: TestRun.TestRunComplete: Invoking callback 2/2 for Microsoft.VisualStudio.TestPlatform.CommandLine.Processors.RunTestsArgumentExecutor+TestRunRequestEventsRegistrar., took 0 ms.
TpTrace Information: 0 : 9364, 7, 2023/11/15, 12:10:24.204, 22662691476642, vstest.console.dll, TestRunRequest:TestRunComplete: Completed.
TpTrace Verbose: 0 : 9364, 1, 2023/11/15, 12:10:24.204, 22662691477404, vstest.console.dll, TestRunRequest.Dispose: Starting.
TpTrace Verbose: 0 : 9364, 7, 2023/11/15, 12:10:24.205, 22662691479564, vstest.console.dll, TestRequestSender.SetOperationComplete: Setting operation complete.
TpTrace Information: 0 : 9364, 1, 2023/11/15, 12:10:24.205, 22662691479696, vstest.console.dll, TestRunRequest.Dispose: Completed.
TpTrace Information: 0 : 9364, 7, 2023/11/15, 12:10:24.205, 22662691481099, vstest.console.dll, SocketServer.Stop: Stop server endPoint: 127.0.0.1:61407
TpTrace Information: 0 : 9364, 1, 2023/11/15, 12:10:24.205, 22662691482646, vstest.console.dll, TestRequestManager.RunTests: run tests completed.
TpTrace Information: 0 : 9364, 7, 2023/11/15, 12:10:24.205, 22662691483067, vstest.console.dll, SocketServer.Stop: Cancellation requested. Stopping message loop.
TpTrace Verbose: 0 : 9364, 7, 2023/11/15, 12:10:24.205, 22662691485693, vstest.console.dll, MulticastDelegateUtilities.SafeInvoke: LengthPrefixCommunicationChannel: MessageReceived: Invoking callback 1/1 for Microsoft.VisualStudio.TestPlatform.CommunicationUtilities.TestRequestSender+<>c__DisplayClass34_0., took 386 ms.
TpTrace Information: 0 : 9364, 7, 2023/11/15, 12:10:24.205, 22662691486960, vstest.console.dll, SocketServer.PrivateStop: Stopping server endPoint: 127.0.0.1:61407 error: 
TpTrace Information: 0 : 9364, 1, 2023/11/15, 12:10:24.205, 22662691487628, vstest.console.dll, RunTestsArgumentProcessor:Execute: Test run is completed.
TpTrace Verbose: 0 : 9364, 1, 2023/11/15, 12:10:24.206, 22662691492275, vstest.console.dll, Executor.Execute: Exiting with exit code of 0
TpTrace Verbose: 0 : 9364, 7, 2023/11/15, 12:10:24.206, 22662691497433, vstest.console.dll, LengthPrefixCommunicationChannel.Dispose: Dispose reader and writer.
TpTrace Information: 0 : 9364, 7, 2023/11/15, 12:10:24.207, 22662691499276, vstest.console.dll, SocketServer.Stop: Raise disconnected event endPoint: 127.0.0.1:61407 error: 
TpTrace Verbose: 0 : 9364, 7, 2023/11/15, 12:10:24.207, 22662691501820, vstest.console.dll, TestRequestSender: OnTestRunAbort: Operation is already complete. Skip error message.
TpTrace Verbose: 0 : 9364, 7, 2023/11/15, 12:10:24.207, 22662691503195, vstest.console.dll, MulticastDelegateUtilities.SafeInvoke: SocketServer: ClientDisconnected: Invoking callback 1/1 for Microsoft.VisualStudio.TestPlatform.CommunicationUtilities.TestRequestSender., took 0 ms.
TpTrace Verbose: 0 : 9364, 7, 2023/11/15, 12:10:24.207, 22662691504048, vstest.console.dll, TcpClientExtensions.MessageLoopAsync: exiting MessageLoopAsync remoteEndPoint: 127.0.0.1:61410 localEndPoint: 127.0.0.1:61407
